2025-01-23 14:28:03,960 - werkzeug - WARNING -  * Debugger is active!
2025-01-23 14:28:03,960 - werkzeug - INFO -  * Debugger PIN: 167-906-132
2025-01-23 14:28:04,007 - werkzeug - INFO -  * Detected change in 'C:\\Users\\prakhar\\anaconda\\envs\\mlops\\Lib\\site-packages\\decorator.py', reloading
2025-01-23 14:28:04,007 - werkzeug - INFO -  * Detected change in 'C:\\Users\\prakhar\\anaconda\\envs\\mlops\\Lib\\site-packages\\decorator.py', reloading
2025-01-23 14:28:04,038 - werkzeug - INFO -  * Detected change in 'C:\\Users\\prakhar\\anaconda\\envs\\mlops\\Lib\\site-packages\\exceptiongroup\\__init__.py', reloading
2025-01-23 14:28:04,038 - werkzeug - INFO -  * Detected change in 'C:\\Users\\prakhar\\anaconda\\envs\\mlops\\Lib\\site-packages\\exceptiongroup\\__init__.py', reloading
2025-01-23 14:28:04,054 - werkzeug - INFO -  * Detected change in 'C:\\Users\\prakhar\\anaconda\\envs\\mlops\\Lib\\site-packages\\exceptiongroup\\_catch.py', reloading
2025-01-23 14:28:04,054 - werkzeug - INFO -  * Detected change in 'C:\\Users\\prakhar\\anaconda\\envs\\mlops\\Lib\\site-packages\\exceptiongroup\\_exceptions.py', reloading
2025-01-23 14:28:04,054 - werkzeug - INFO -  * Detected change in 'C:\\Users\\prakhar\\anaconda\\envs\\mlops\\Lib\\site-packages\\exceptiongroup\\_exceptions.py', reloading
2025-01-23 14:28:04,054 - werkzeug - INFO -  * Detected change in 'C:\\Users\\prakhar\\anaconda\\envs\\mlops\\Lib\\site-packages\\exceptiongroup\\_version.py', reloading
2025-01-23 14:28:04,054 - werkzeug - INFO -  * Detected change in 'C:\\Users\\prakhar\\anaconda\\envs\\mlops\\Lib\\site-packages\\exceptiongroup\\_version.py', reloading
2025-01-23 14:28:04,054 - werkzeug - INFO -  * Detected change in 'C:\\Users\\prakhar\\anaconda\\envs\\mlops\\Lib\\site-packages\\exceptiongroup\\_formatting.py', reloading
2025-01-23 14:28:04,054 - werkzeug - INFO -  * Detected change in 'C:\\Users\\prakhar\\anaconda\\envs\\mlops\\Lib\\site-packages\\exceptiongroup\\_formatting.py', reloading
2025-01-23 14:28:04,054 - werkzeug - INFO -  * Detected change in 'C:\\Users\\prakhar\\anaconda\\envs\\mlops\\Lib\\site-packages\\exceptiongroup\\_suppress.py', reloading
2025-01-23 14:28:04,054 - werkzeug - INFO -  * Detected change in 'C:\\Users\\prakhar\\anaconda\\envs\\mlops\\Lib\\site-packages\\prompt_toolkit\\__init__.py', reloading
2025-01-23 14:28:04,069 - werkzeug - INFO -  * Detected change in 'C:\\Users\\prakhar\\anaconda\\envs\\mlops\\Lib\\site-packages\\prompt_toolkit\\__init__.py', reloading
2025-01-23 14:28:04,069 - werkzeug - INFO -  * Detected change in 'C:\\Users\\prakhar\\anaconda\\envs\\mlops\\Lib\\site-packages\\prompt_toolkit\\application\\__init__.py', reloading
2025-01-23 14:28:04,069 - werkzeug - INFO -  * Detected change in 'C:\\Users\\prakhar\\anaconda\\envs\\mlops\\Lib\\site-packages\\prompt_toolkit\\application\\__init__.py', reloading
2025-01-23 14:28:04,069 - werkzeug - INFO -  * Detected change in 'C:\\Users\\prakhar\\anaconda\\envs\\mlops\\Lib\\site-packages\\prompt_toolkit\\application\\application.py', reloading
2025-01-23 14:28:04,069 - werkzeug - INFO -  * Detected change in 'C:\\Users\\prakhar\\anaconda\\envs\\mlops\\Lib\\site-packages\\prompt_toolkit\\application\\application.py', reloading
2025-01-23 14:28:04,069 - werkzeug - INFO -  * Detected change in 'C:\\Users\\prakhar\\anaconda\\envs\\mlops\\Lib\\site-packages\\prompt_toolkit\\buffer.py', reloading
2025-01-23 14:28:04,069 - werkzeug - INFO -  * Detected change in 'C:\\Users\\prakhar\\anaconda\\envs\\mlops\\Lib\\site-packages\\prompt_toolkit\\buffer.py', reloading
2025-01-23 14:28:04,069 - werkzeug - INFO -  * Detected change in 'C:\\Users\\prakhar\\anaconda\\envs\\mlops\\Lib\\site-packages\\prompt_toolkit\\application\\current.py', reloading
2025-01-23 14:28:04,069 - werkzeug - INFO -  * Detected change in 'C:\\Users\\prakhar\\anaconda\\envs\\mlops\\Lib\\site-packages\\prompt_toolkit\\application\\current.py', reloading
2025-01-23 14:28:04,069 - werkzeug - INFO -  * Detected change in 'C:\\Users\\prakhar\\anaconda\\envs\\mlops\\Lib\\site-packages\\prompt_toolkit\\application\\run_in_terminal.py', reloading
2025-01-23 14:28:04,069 - werkzeug - INFO -  * Detected change in 'C:\\Users\\prakhar\\anaconda\\envs\\mlops\\Lib\\site-packages\\prompt_toolkit\\application\\run_in_terminal.py', reloading
2025-01-23 14:28:04,069 - werkzeug - INFO -  * Detected change in 'C:\\Users\\prakhar\\anaconda\\envs\\mlops\\Lib\\site-packages\\prompt_toolkit\\eventloop\\__init__.py', reloading
2025-01-23 14:28:04,069 - werkzeug - INFO -  * Detected change in 'C:\\Users\\prakhar\\anaconda\\envs\\mlops\\Lib\\site-packages\\prompt_toolkit\\eventloop\\__init__.py', reloading
2025-01-23 14:28:04,069 - werkzeug - INFO -  * Detected change in 'C:\\Users\\prakhar\\anaconda\\envs\\mlops\\Lib\\site-packages\\prompt_toolkit\\eventloop\\async_generator.py', reloading
2025-01-23 14:28:04,069 - werkzeug - INFO -  * Detected change in 'C:\\Users\\prakhar\\anaconda\\envs\\mlops\\Lib\\site-packages\\prompt_toolkit\\eventloop\\async_generator.py', reloading
2025-01-23 14:28:04,085 - werkzeug - INFO -  * Detected change in 'C:\\Users\\prakhar\\anaconda\\envs\\mlops\\Lib\\site-packages\\prompt_toolkit\\eventloop\\utils.py', reloading
2025-01-23 14:28:04,085 - werkzeug - INFO -  * Detected change in 'C:\\Users\\prakhar\\anaconda\\envs\\mlops\\Lib\\site-packages\\prompt_toolkit\\eventloop\\utils.py', reloading
2025-01-23 14:28:04,085 - werkzeug - INFO -  * Detected change in 'C:\\Users\\prakhar\\anaconda\\envs\\mlops\\Lib\\site-packages\\prompt_toolkit\\eventloop\\inputhook.py', reloading
2025-01-23 14:28:04,085 - werkzeug - INFO -  * Detected change in 'C:\\Users\\prakhar\\anaconda\\envs\\mlops\\Lib\\site-packages\\prompt_toolkit\\eventloop\\inputhook.py', reloading
2025-01-23 14:28:04,085 - werkzeug - INFO -  * Detected change in 'C:\\Users\\prakhar\\anaconda\\envs\\mlops\\Lib\\site-packages\\prompt_toolkit\\auto_suggest.py', reloading
2025-01-23 14:28:04,085 - werkzeug - INFO -  * Detected change in 'C:\\Users\\prakhar\\anaconda\\envs\\mlops\\Lib\\site-packages\\prompt_toolkit\\auto_suggest.py', reloading
2025-01-23 14:28:04,085 - werkzeug - INFO -  * Detected change in 'C:\\Users\\prakhar\\anaconda\\envs\\mlops\\Lib\\site-packages\\prompt_toolkit\\document.py', reloading
2025-01-23 14:28:04,085 - werkzeug - INFO -  * Detected change in 'C:\\Users\\prakhar\\anaconda\\envs\\mlops\\Lib\\site-packages\\prompt_toolkit\\document.py', reloading
2025-01-23 14:28:04,085 - werkzeug - INFO -  * Detected change in 'C:\\Users\\prakhar\\anaconda\\envs\\mlops\\Lib\\site-packages\\prompt_toolkit\\clipboard\\__init__.py', reloading
2025-01-23 14:28:04,085 - werkzeug - INFO -  * Detected change in 'C:\\Users\\prakhar\\anaconda\\envs\\mlops\\Lib\\site-packages\\prompt_toolkit\\clipboard\\__init__.py', reloading
2025-01-23 14:28:04,085 - werkzeug - INFO -  * Detected change in 'C:\\Users\\prakhar\\anaconda\\envs\\mlops\\Lib\\site-packages\\prompt_toolkit\\clipboard\\base.py', reloading
2025-01-23 14:28:04,085 - werkzeug - INFO -  * Detected change in 'C:\\Users\\prakhar\\anaconda\\envs\\mlops\\Lib\\site-packages\\prompt_toolkit\\clipboard\\base.py', reloading
2025-01-23 14:28:04,085 - werkzeug - INFO -  * Detected change in 'C:\\Users\\prakhar\\anaconda\\envs\\mlops\\Lib\\site-packages\\prompt_toolkit\\selection.py', reloading
2025-01-23 14:28:04,085 - werkzeug - INFO -  * Detected change in 'C:\\Users\\prakhar\\anaconda\\envs\\mlops\\Lib\\site-packages\\prompt_toolkit\\selection.py', reloading
2025-01-23 14:28:04,085 - werkzeug - INFO -  * Detected change in 'C:\\Users\\prakhar\\anaconda\\envs\\mlops\\Lib\\site-packages\\prompt_toolkit\\clipboard\\in_memory.py', reloading
2025-01-23 14:28:04,085 - werkzeug - INFO -  * Detected change in 'C:\\Users\\prakhar\\anaconda\\envs\\mlops\\Lib\\site-packages\\prompt_toolkit\\clipboard\\in_memory.py', reloading
2025-01-23 14:28:04,101 - werkzeug - INFO -  * Detected change in 'C:\\Users\\prakhar\\anaconda\\envs\\mlops\\Lib\\site-packages\\prompt_toolkit\\filters\\__init__.py', reloading
2025-01-23 14:28:04,101 - werkzeug - INFO -  * Detected change in 'C:\\Users\\prakhar\\anaconda\\envs\\mlops\\Lib\\site-packages\\prompt_toolkit\\filters\\__init__.py', reloading
2025-01-23 14:28:04,101 - werkzeug - INFO -  * Detected change in 'C:\\Users\\prakhar\\anaconda\\envs\\mlops\\Lib\\site-packages\\prompt_toolkit\\filters\\app.py', reloading
2025-01-23 14:28:04,101 - werkzeug - INFO -  * Detected change in 'C:\\Users\\prakhar\\anaconda\\envs\\mlops\\Lib\\site-packages\\prompt_toolkit\\filters\\app.py', reloading
2025-01-23 14:28:04,101 - werkzeug - INFO -  * Detected change in 'C:\\Users\\prakhar\\anaconda\\envs\\mlops\\Lib\\site-packages\\prompt_toolkit\\cache.py', reloading
2025-01-23 14:28:04,101 - werkzeug - INFO -  * Detected change in 'C:\\Users\\prakhar\\anaconda\\envs\\mlops\\Lib\\site-packages\\prompt_toolkit\\cache.py', reloading
2025-01-23 14:28:04,101 - werkzeug - INFO -  * Detected change in 'C:\\Users\\prakhar\\anaconda\\envs\\mlops\\Lib\\site-packages\\prompt_toolkit\\enums.py', reloading
2025-01-23 14:28:04,101 - werkzeug - INFO -  * Detected change in 'C:\\Users\\prakhar\\anaconda\\envs\\mlops\\Lib\\site-packages\\prompt_toolkit\\enums.py', reloading
2025-01-23 14:28:04,101 - werkzeug - INFO -  * Detected change in 'C:\\Users\\prakhar\\anaconda\\envs\\mlops\\Lib\\site-packages\\prompt_toolkit\\filters\\base.py', reloading
2025-01-23 14:28:04,101 - werkzeug - INFO -  * Detected change in 'C:\\Users\\prakhar\\anaconda\\envs\\mlops\\Lib\\site-packages\\prompt_toolkit\\filters\\base.py', reloading
2025-01-23 14:28:04,101 - werkzeug - INFO -  * Detected change in 'C:\\Users\\prakhar\\anaconda\\envs\\mlops\\Lib\\site-packages\\prompt_toolkit\\filters\\cli.py', reloading
2025-01-23 14:28:04,101 - werkzeug - INFO -  * Detected change in 'C:\\Users\\prakhar\\anaconda\\envs\\mlops\\Lib\\site-packages\\prompt_toolkit\\filters\\cli.py', reloading
2025-01-23 14:28:04,101 - werkzeug - INFO -  * Detected change in 'C:\\Users\\prakhar\\anaconda\\envs\\mlops\\Lib\\site-packages\\prompt_toolkit\\filters\\utils.py', reloading
2025-01-23 14:28:04,101 - werkzeug - INFO -  * Detected change in 'C:\\Users\\prakhar\\anaconda\\envs\\mlops\\Lib\\site-packages\\prompt_toolkit\\filters\\utils.py', reloading
2025-01-23 14:28:04,116 - werkzeug - INFO -  * Detected change in 'C:\\Users\\prakhar\\anaconda\\envs\\mlops\\Lib\\site-packages\\prompt_toolkit\\completion\\__init__.py', reloading
2025-01-23 14:28:04,116 - werkzeug - INFO -  * Detected change in 'C:\\Users\\prakhar\\anaconda\\envs\\mlops\\Lib\\site-packages\\prompt_toolkit\\completion\\__init__.py', reloading
2025-01-23 14:28:04,116 - werkzeug - INFO -  * Detected change in 'C:\\Users\\prakhar\\anaconda\\envs\\mlops\\Lib\\site-packages\\prompt_toolkit\\completion\\base.py', reloading
2025-01-23 14:28:04,116 - werkzeug - INFO -  * Detected change in 'C:\\Users\\prakhar\\anaconda\\envs\\mlops\\Lib\\site-packages\\prompt_toolkit\\completion\\base.py', reloading
2025-01-23 14:28:04,116 - werkzeug - INFO -  * Detected change in 'C:\\Users\\prakhar\\anaconda\\envs\\mlops\\Lib\\site-packages\\prompt_toolkit\\formatted_text\\__init__.py', reloading
2025-01-23 14:28:04,116 - werkzeug - INFO -  * Detected change in 'C:\\Users\\prakhar\\anaconda\\envs\\mlops\\Lib\\site-packages\\prompt_toolkit\\formatted_text\\__init__.py', reloading
2025-01-23 14:28:04,116 - werkzeug - INFO -  * Detected change in 'C:\\Users\\prakhar\\anaconda\\envs\\mlops\\Lib\\site-packages\\prompt_toolkit\\formatted_text\\ansi.py', reloading
2025-01-23 14:28:04,116 - werkzeug - INFO -  * Detected change in 'C:\\Users\\prakhar\\anaconda\\envs\\mlops\\Lib\\site-packages\\prompt_toolkit\\formatted_text\\ansi.py', reloading
2025-01-23 14:28:04,116 - werkzeug - INFO -  * Detected change in 'C:\\Users\\prakhar\\anaconda\\envs\\mlops\\Lib\\site-packages\\prompt_toolkit\\output\\__init__.py', reloading
2025-01-23 14:28:04,116 - werkzeug - INFO -  * Detected change in 'C:\\Users\\prakhar\\anaconda\\envs\\mlops\\Lib\\site-packages\\prompt_toolkit\\output\\__init__.py', reloading
2025-01-23 14:28:04,116 - werkzeug - INFO -  * Detected change in 'C:\\Users\\prakhar\\anaconda\\envs\\mlops\\Lib\\site-packages\\prompt_toolkit\\output\\base.py', reloading
2025-01-23 14:28:04,116 - werkzeug - INFO -  * Detected change in 'C:\\Users\\prakhar\\anaconda\\envs\\mlops\\Lib\\site-packages\\prompt_toolkit\\output\\base.py', reloading
2025-01-23 14:28:04,116 - werkzeug - INFO -  * Detected change in 'C:\\Users\\prakhar\\anaconda\\envs\\mlops\\Lib\\site-packages\\prompt_toolkit\\cursor_shapes.py', reloading
2025-01-23 14:28:04,116 - werkzeug - INFO -  * Detected change in 'C:\\Users\\prakhar\\anaconda\\envs\\mlops\\Lib\\site-packages\\prompt_toolkit\\cursor_shapes.py', reloading
2025-01-23 14:28:04,116 - werkzeug - INFO -  * Detected change in 'C:\\Users\\prakhar\\anaconda\\envs\\mlops\\Lib\\site-packages\\prompt_toolkit\\key_binding\\__init__.py', reloading
2025-01-23 14:28:04,116 - werkzeug - INFO -  * Detected change in 'C:\\Users\\prakhar\\anaconda\\envs\\mlops\\Lib\\site-packages\\prompt_toolkit\\key_binding\\__init__.py', reloading
2025-01-23 14:28:04,116 - werkzeug - INFO -  * Detected change in 'C:\\Users\\prakhar\\anaconda\\envs\\mlops\\Lib\\site-packages\\prompt_toolkit\\key_binding\\key_bindings.py', reloading
2025-01-23 14:28:04,116 - werkzeug - INFO -  * Detected change in 'C:\\Users\\prakhar\\anaconda\\envs\\mlops\\Lib\\site-packages\\prompt_toolkit\\key_binding\\key_bindings.py', reloading
2025-01-23 14:28:04,116 - werkzeug - INFO -  * Detected change in 'C:\\Users\\prakhar\\anaconda\\envs\\mlops\\Lib\\site-packages\\prompt_toolkit\\keys.py', reloading
2025-01-23 14:28:04,132 - werkzeug - INFO -  * Detected change in 'C:\\Users\\prakhar\\anaconda\\envs\\mlops\\Lib\\site-packages\\prompt_toolkit\\keys.py', reloading
2025-01-23 14:28:04,132 - werkzeug - INFO -  * Detected change in 'C:\\Users\\prakhar\\anaconda\\envs\\mlops\\Lib\\site-packages\\prompt_toolkit\\key_binding\\key_processor.py', reloading
2025-01-23 14:28:04,132 - werkzeug - INFO -  * Detected change in 'C:\\Users\\prakhar\\anaconda\\envs\\mlops\\Lib\\site-packages\\prompt_toolkit\\key_binding\\key_processor.py', reloading
2025-01-23 14:28:04,132 - werkzeug - INFO -  * Detected change in 'C:\\Users\\prakhar\\anaconda\\envs\\mlops\\Lib\\site-packages\\prompt_toolkit\\utils.py', reloading
2025-01-23 14:28:04,132 - werkzeug - INFO -  * Detected change in 'C:\\Users\\prakhar\\anaconda\\envs\\mlops\\Lib\\site-packages\\prompt_toolkit\\utils.py', reloading
2025-01-23 14:28:04,132 - werkzeug - INFO -  * Detected change in 'C:\\Users\\prakhar\\anaconda\\envs\\mlops\\Lib\\site-packages\\wcwidth\\__init__.py', reloading
2025-01-23 14:28:04,132 - werkzeug - INFO -  * Detected change in 'C:\\Users\\prakhar\\anaconda\\envs\\mlops\\Lib\\site-packages\\wcwidth\\__init__.py', reloading
2025-01-23 14:28:04,132 - werkzeug - INFO -  * Detected change in 'C:\\Users\\prakhar\\anaconda\\envs\\mlops\\Lib\\site-packages\\wcwidth\\wcwidth.py', reloading
2025-01-23 14:28:04,132 - werkzeug - INFO -  * Detected change in 'C:\\Users\\prakhar\\anaconda\\envs\\mlops\\Lib\\site-packages\\wcwidth\\wcwidth.py', reloading
2025-01-23 14:28:04,132 - werkzeug - INFO -  * Detected change in 'C:\\Users\\prakhar\\anaconda\\envs\\mlops\\Lib\\site-packages\\wcwidth\\table_vs16.py', reloading
2025-01-23 14:28:04,132 - werkzeug - INFO -  * Detected change in 'C:\\Users\\prakhar\\anaconda\\envs\\mlops\\Lib\\site-packages\\wcwidth\\table_vs16.py', reloading
2025-01-23 14:28:04,132 - werkzeug - INFO -  * Detected change in 'C:\\Users\\prakhar\\anaconda\\envs\\mlops\\Lib\\site-packages\\wcwidth\\table_wide.py', reloading
2025-01-23 14:28:04,132 - werkzeug - INFO -  * Detected change in 'C:\\Users\\prakhar\\anaconda\\envs\\mlops\\Lib\\site-packages\\wcwidth\\table_wide.py', reloading
2025-01-23 14:28:04,132 - werkzeug - INFO -  * Detected change in 'C:\\Users\\prakhar\\anaconda\\envs\\mlops\\Lib\\site-packages\\wcwidth\\table_zero.py', reloading
2025-01-23 14:28:04,132 - werkzeug - INFO -  * Detected change in 'C:\\Users\\prakhar\\anaconda\\envs\\mlops\\Lib\\site-packages\\wcwidth\\table_zero.py', reloading
2025-01-23 14:28:04,132 - werkzeug - INFO -  * Detected change in 'C:\\Users\\prakhar\\anaconda\\envs\\mlops\\Lib\\site-packages\\wcwidth\\unicode_versions.py', reloading
2025-01-23 14:28:04,132 - werkzeug - INFO -  * Detected change in 'C:\\Users\\prakhar\\anaconda\\envs\\mlops\\Lib\\site-packages\\wcwidth\\unicode_versions.py', reloading
2025-01-23 14:28:04,132 - werkzeug - INFO -  * Detected change in 'C:\\Users\\prakhar\\anaconda\\envs\\mlops\\Lib\\site-packages\\prompt_toolkit\\key_binding\\vi_state.py', reloading
2025-01-23 14:28:04,132 - werkzeug - INFO -  * Detected change in 'C:\\Users\\prakhar\\anaconda\\envs\\mlops\\Lib\\site-packages\\prompt_toolkit\\key_binding\\vi_state.py', reloading
2025-01-23 14:28:04,132 - werkzeug - INFO -  * Detected change in 'C:\\Users\\prakhar\\anaconda\\envs\\mlops\\Lib\\site-packages\\prompt_toolkit\\data_structures.py', reloading
2025-01-23 14:28:04,132 - werkzeug - INFO -  * Detected change in 'C:\\Users\\prakhar\\anaconda\\envs\\mlops\\Lib\\site-packages\\prompt_toolkit\\data_structures.py', reloading
2025-01-23 14:28:04,148 - werkzeug - INFO -  * Detected change in 'C:\\Users\\prakhar\\anaconda\\envs\\mlops\\Lib\\site-packages\\prompt_toolkit\\styles\\__init__.py', reloading
2025-01-23 14:28:04,148 - werkzeug - INFO -  * Detected change in 'C:\\Users\\prakhar\\anaconda\\envs\\mlops\\Lib\\site-packages\\prompt_toolkit\\styles\\__init__.py', reloading
2025-01-23 14:28:04,148 - werkzeug - INFO -  * Detected change in 'C:\\Users\\prakhar\\anaconda\\envs\\mlops\\Lib\\site-packages\\prompt_toolkit\\styles\\base.py', reloading
2025-01-23 14:28:04,148 - werkzeug - INFO -  * Detected change in 'C:\\Users\\prakhar\\anaconda\\envs\\mlops\\Lib\\site-packages\\prompt_toolkit\\styles\\base.py', reloading
2025-01-23 14:28:04,148 - werkzeug - INFO -  * Detected change in 'C:\\Users\\prakhar\\anaconda\\envs\\mlops\\Lib\\site-packages\\prompt_toolkit\\styles\\defaults.py', reloading
2025-01-23 14:28:04,148 - werkzeug - INFO -  * Detected change in 'C:\\Users\\prakhar\\anaconda\\envs\\mlops\\Lib\\site-packages\\prompt_toolkit\\styles\\defaults.py', reloading
2025-01-23 14:28:04,148 - werkzeug - INFO -  * Detected change in 'C:\\Users\\prakhar\\anaconda\\envs\\mlops\\Lib\\site-packages\\prompt_toolkit\\styles\\named_colors.py', reloading
2025-01-23 14:28:04,148 - werkzeug - INFO -  * Detected change in 'C:\\Users\\prakhar\\anaconda\\envs\\mlops\\Lib\\site-packages\\prompt_toolkit\\styles\\named_colors.py', reloading
2025-01-23 14:28:04,148 - werkzeug - INFO -  * Detected change in 'C:\\Users\\prakhar\\anaconda\\envs\\mlops\\Lib\\site-packages\\prompt_toolkit\\styles\\style.py', reloading
2025-01-23 14:28:04,148 - werkzeug - INFO -  * Detected change in 'C:\\Users\\prakhar\\anaconda\\envs\\mlops\\Lib\\site-packages\\prompt_toolkit\\styles\\style.py', reloading
2025-01-23 14:28:04,148 - werkzeug - INFO -  * Detected change in 'C:\\Users\\prakhar\\anaconda\\envs\\mlops\\Lib\\site-packages\\prompt_toolkit\\styles\\pygments.py', reloading
2025-01-23 14:28:04,148 - werkzeug - INFO -  * Detected change in 'C:\\Users\\prakhar\\anaconda\\envs\\mlops\\Lib\\site-packages\\prompt_toolkit\\styles\\pygments.py', reloading
2025-01-23 14:28:04,148 - werkzeug - INFO -  * Detected change in 'C:\\Users\\prakhar\\anaconda\\envs\\mlops\\Lib\\site-packages\\prompt_toolkit\\styles\\style_transformation.py', reloading
2025-01-23 14:28:04,148 - werkzeug - INFO -  * Detected change in 'C:\\Users\\prakhar\\anaconda\\envs\\mlops\\Lib\\site-packages\\prompt_toolkit\\styles\\style_transformation.py', reloading
2025-01-23 14:28:04,148 - werkzeug - INFO -  * Detected change in 'C:\\Users\\prakhar\\anaconda\\envs\\mlops\\Lib\\site-packages\\prompt_toolkit\\output\\color_depth.py', reloading
2025-01-23 14:28:04,148 - werkzeug - INFO -  * Detected change in 'C:\\Users\\prakhar\\anaconda\\envs\\mlops\\Lib\\site-packages\\prompt_toolkit\\output\\color_depth.py', reloading
2025-01-23 14:28:04,148 - werkzeug - INFO -  * Detected change in 'C:\\Users\\prakhar\\anaconda\\envs\\mlops\\Lib\\site-packages\\prompt_toolkit\\output\\defaults.py', reloading
2025-01-23 14:28:04,148 - werkzeug - INFO -  * Detected change in 'C:\\Users\\prakhar\\anaconda\\envs\\mlops\\Lib\\site-packages\\prompt_toolkit\\output\\defaults.py', reloading
2025-01-23 14:28:04,148 - werkzeug - INFO -  * Detected change in 'C:\\Users\\prakhar\\anaconda\\envs\\mlops\\Lib\\site-packages\\prompt_toolkit\\output\\plain_text.py', reloading
2025-01-23 14:28:04,148 - werkzeug - INFO -  * Detected change in 'C:\\Users\\prakhar\\anaconda\\envs\\mlops\\Lib\\site-packages\\prompt_toolkit\\output\\plain_text.py', reloading
2025-01-23 14:28:04,148 - werkzeug - INFO -  * Detected change in 'C:\\Users\\prakhar\\anaconda\\envs\\mlops\\Lib\\site-packages\\prompt_toolkit\\output\\flush_stdout.py', reloading
2025-01-23 14:28:04,148 - werkzeug - INFO -  * Detected change in 'C:\\Users\\prakhar\\anaconda\\envs\\mlops\\Lib\\site-packages\\prompt_toolkit\\output\\flush_stdout.py', reloading
2025-01-23 14:28:04,164 - werkzeug - INFO -  * Detected change in 'C:\\Users\\prakhar\\anaconda\\envs\\mlops\\Lib\\site-packages\\prompt_toolkit\\output\\vt100.py', reloading
2025-01-23 14:28:04,164 - werkzeug - INFO -  * Detected change in 'C:\\Users\\prakhar\\anaconda\\envs\\mlops\\Lib\\site-packages\\prompt_toolkit\\output\\vt100.py', reloading
2025-01-23 14:28:04,164 - werkzeug - INFO -  * Detected change in 'C:\\Users\\prakhar\\anaconda\\envs\\mlops\\Lib\\site-packages\\prompt_toolkit\\formatted_text\\base.py', reloading
2025-01-23 14:28:04,164 - werkzeug - INFO -  * Detected change in 'C:\\Users\\prakhar\\anaconda\\envs\\mlops\\Lib\\site-packages\\prompt_toolkit\\formatted_text\\base.py', reloading
2025-01-23 14:28:04,164 - werkzeug - INFO -  * Detected change in 'C:\\Users\\prakhar\\anaconda\\envs\\mlops\\Lib\\site-packages\\prompt_toolkit\\mouse_events.py', reloading
2025-01-23 14:28:04,164 - werkzeug - INFO -  * Detected change in 'C:\\Users\\prakhar\\anaconda\\envs\\mlops\\Lib\\site-packages\\prompt_toolkit\\mouse_events.py', reloading
2025-01-23 14:28:04,164 - werkzeug - INFO -  * Detected change in 'C:\\Users\\prakhar\\anaconda\\envs\\mlops\\Lib\\site-packages\\prompt_toolkit\\formatted_text\\html.py', reloading
2025-01-23 14:28:04,164 - werkzeug - INFO -  * Detected change in 'C:\\Users\\prakhar\\anaconda\\envs\\mlops\\Lib\\site-packages\\prompt_toolkit\\formatted_text\\html.py', reloading
2025-01-23 14:28:04,164 - werkzeug - INFO -  * Detected change in 'C:\\Users\\prakhar\\anaconda\\envs\\mlops\\Lib\\site-packages\\prompt_toolkit\\formatted_text\\pygments.py', reloading
2025-01-23 14:28:04,164 - werkzeug - INFO -  * Detected change in 'C:\\Users\\prakhar\\anaconda\\envs\\mlops\\Lib\\site-packages\\prompt_toolkit\\formatted_text\\pygments.py', reloading
2025-01-23 14:28:04,164 - werkzeug - INFO -  * Detected change in 'C:\\Users\\prakhar\\anaconda\\envs\\mlops\\Lib\\site-packages\\prompt_toolkit\\formatted_text\\utils.py', reloading
2025-01-23 14:28:04,164 - werkzeug - INFO -  * Detected change in 'C:\\Users\\prakhar\\anaconda\\envs\\mlops\\Lib\\site-packages\\prompt_toolkit\\formatted_text\\utils.py', reloading
2025-01-23 14:28:04,179 - werkzeug - INFO -  * Detected change in 'C:\\Users\\prakhar\\anaconda\\envs\\mlops\\Lib\\site-packages\\prompt_toolkit\\completion\\deduplicate.py', reloading
2025-01-23 14:28:04,179 - werkzeug - INFO -  * Detected change in 'C:\\Users\\prakhar\\anaconda\\envs\\mlops\\Lib\\site-packages\\prompt_toolkit\\completion\\deduplicate.py', reloading
2025-01-23 14:28:04,179 - werkzeug - INFO -  * Detected change in 'C:\\Users\\prakhar\\anaconda\\envs\\mlops\\Lib\\site-packages\\prompt_toolkit\\completion\\filesystem.py', reloading
2025-01-23 14:28:04,179 - werkzeug - INFO -  * Detected change in 'C:\\Users\\prakhar\\anaconda\\envs\\mlops\\Lib\\site-packages\\prompt_toolkit\\completion\\fuzzy_completer.py', reloading
2025-01-23 14:28:04,179 - werkzeug - INFO -  * Detected change in 'C:\\Users\\prakhar\\anaconda\\envs\\mlops\\Lib\\site-packages\\prompt_toolkit\\completion\\word_completer.py', reloading
2025-01-23 14:28:04,179 - werkzeug - INFO -  * Detected change in 'C:\\Users\\prakhar\\anaconda\\envs\\mlops\\Lib\\site-packages\\prompt_toolkit\\completion\\word_completer.py', reloading
2025-01-23 14:28:04,179 - werkzeug - INFO -  * Detected change in 'C:\\Users\\prakhar\\anaconda\\envs\\mlops\\Lib\\site-packages\\prompt_toolkit\\completion\\nested.py', reloading
2025-01-23 14:28:04,179 - werkzeug - INFO -  * Detected change in 'C:\\Users\\prakhar\\anaconda\\envs\\mlops\\Lib\\site-packages\\prompt_toolkit\\completion\\nested.py', reloading
2025-01-23 14:28:04,179 - werkzeug - INFO -  * Detected change in 'C:\\Users\\prakhar\\anaconda\\envs\\mlops\\Lib\\site-packages\\prompt_toolkit\\history.py', reloading
2025-01-23 14:28:04,179 - werkzeug - INFO -  * Detected change in 'C:\\Users\\prakhar\\anaconda\\envs\\mlops\\Lib\\site-packages\\prompt_toolkit\\history.py', reloading
2025-01-23 14:28:04,179 - werkzeug - INFO -  * Detected change in 'C:\\Users\\prakhar\\anaconda\\envs\\mlops\\Lib\\site-packages\\prompt_toolkit\\search.py', reloading
2025-01-23 14:28:04,179 - werkzeug - INFO -  * Detected change in 'C:\\Users\\prakhar\\anaconda\\envs\\mlops\\Lib\\site-packages\\prompt_toolkit\\search.py', reloading
2025-01-23 14:28:04,179 - werkzeug - INFO -  * Detected change in 'C:\\Users\\prakhar\\anaconda\\envs\\mlops\\Lib\\site-packages\\prompt_toolkit\\validation.py', reloading
2025-01-23 14:28:04,179 - werkzeug - INFO -  * Detected change in 'C:\\Users\\prakhar\\anaconda\\envs\\mlops\\Lib\\site-packages\\prompt_toolkit\\validation.py', reloading
2025-01-23 14:28:04,195 - werkzeug - INFO -  * Detected change in 'C:\\Users\\prakhar\\anaconda\\envs\\mlops\\Lib\\site-packages\\prompt_toolkit\\input\\__init__.py', reloading
2025-01-23 14:28:04,195 - werkzeug - INFO -  * Detected change in 'C:\\Users\\prakhar\\anaconda\\envs\\mlops\\Lib\\site-packages\\prompt_toolkit\\input\\__init__.py', reloading
2025-01-23 14:28:04,195 - werkzeug - INFO -  * Detected change in 'C:\\Users\\prakhar\\anaconda\\envs\\mlops\\Lib\\site-packages\\prompt_toolkit\\input\\base.py', reloading
2025-01-23 14:28:04,195 - werkzeug - INFO -  * Detected change in 'C:\\Users\\prakhar\\anaconda\\envs\\mlops\\Lib\\site-packages\\prompt_toolkit\\input\\base.py', reloading
2025-01-23 14:28:04,195 - werkzeug - INFO -  * Detected change in 'C:\\Users\\prakhar\\anaconda\\envs\\mlops\\Lib\\site-packages\\prompt_toolkit\\input\\defaults.py', reloading
2025-01-23 14:28:04,195 - werkzeug - INFO -  * Detected change in 'C:\\Users\\prakhar\\anaconda\\envs\\mlops\\Lib\\site-packages\\prompt_toolkit\\input\\defaults.py', reloading
2025-01-23 14:28:04,195 - werkzeug - INFO -  * Detected change in 'C:\\Users\\prakhar\\anaconda\\envs\\mlops\\Lib\\site-packages\\prompt_toolkit\\input\\typeahead.py', reloading
2025-01-23 14:28:04,195 - werkzeug - INFO -  * Detected change in 'C:\\Users\\prakhar\\anaconda\\envs\\mlops\\Lib\\site-packages\\prompt_toolkit\\input\\typeahead.py', reloading
2025-01-23 14:28:04,195 - werkzeug - INFO -  * Detected change in 'C:\\Users\\prakhar\\anaconda\\envs\\mlops\\Lib\\site-packages\\prompt_toolkit\\key_binding\\bindings\\page_navigation.py', reloading
2025-01-23 14:28:04,195 - werkzeug - INFO -  * Detected change in 'C:\\Users\\prakhar\\anaconda\\envs\\mlops\\Lib\\site-packages\\prompt_toolkit\\key_binding\\bindings\\page_navigation.py', reloading
2025-01-23 14:28:04,195 - werkzeug - INFO -  * Detected change in 'C:\\Users\\prakhar\\anaconda\\envs\\mlops\\Lib\\site-packages\\prompt_toolkit\\key_binding\\bindings\\scroll.py', reloading
2025-01-23 14:28:04,195 - werkzeug - INFO -  * Detected change in 'C:\\Users\\prakhar\\anaconda\\envs\\mlops\\Lib\\site-packages\\prompt_toolkit\\key_binding\\bindings\\scroll.py', reloading
2025-01-23 14:28:04,195 - werkzeug - INFO -  * Detected change in 'C:\\Users\\prakhar\\anaconda\\envs\\mlops\\Lib\\site-packages\\prompt_toolkit\\key_binding\\defaults.py', reloading
2025-01-23 14:28:04,195 - werkzeug - INFO -  * Detected change in 'C:\\Users\\prakhar\\anaconda\\envs\\mlops\\Lib\\site-packages\\prompt_toolkit\\key_binding\\defaults.py', reloading
2025-01-23 14:28:04,195 - werkzeug - INFO -  * Detected change in 'C:\\Users\\prakhar\\anaconda\\envs\\mlops\\Lib\\site-packages\\prompt_toolkit\\key_binding\\bindings\\basic.py', reloading
2025-01-23 14:28:04,195 - werkzeug - INFO -  * Detected change in 'C:\\Users\\prakhar\\anaconda\\envs\\mlops\\Lib\\site-packages\\prompt_toolkit\\key_binding\\bindings\\basic.py', reloading
2025-01-23 14:28:04,195 - werkzeug - INFO -  * Detected change in 'C:\\Users\\prakhar\\anaconda\\envs\\mlops\\Lib\\site-packages\\prompt_toolkit\\key_binding\\bindings\\named_commands.py', reloading
2025-01-23 14:28:04,210 - werkzeug - INFO -  * Detected change in 'C:\\Users\\prakhar\\anaconda\\envs\\mlops\\Lib\\site-packages\\prompt_toolkit\\key_binding\\bindings\\named_commands.py', reloading
2025-01-23 14:28:04,210 - werkzeug - INFO -  * Detected change in 'C:\\Users\\prakhar\\anaconda\\envs\\mlops\\Lib\\site-packages\\prompt_toolkit\\layout\\__init__.py', reloading
2025-01-23 14:28:04,210 - werkzeug - INFO -  * Detected change in 'C:\\Users\\prakhar\\anaconda\\envs\\mlops\\Lib\\site-packages\\prompt_toolkit\\layout\\__init__.py', reloading
2025-01-23 14:28:04,210 - werkzeug - INFO -  * Detected change in 'C:\\Users\\prakhar\\anaconda\\envs\\mlops\\Lib\\site-packages\\prompt_toolkit\\layout\\containers.py', reloading
2025-01-23 14:28:04,210 - werkzeug - INFO -  * Detected change in 'C:\\Users\\prakhar\\anaconda\\envs\\mlops\\Lib\\site-packages\\prompt_toolkit\\layout\\containers.py', reloading
2025-01-23 14:28:04,210 - werkzeug - INFO -  * Detected change in 'C:\\Users\\prakhar\\anaconda\\envs\\mlops\\Lib\\site-packages\\prompt_toolkit\\layout\\controls.py', reloading
2025-01-23 14:28:04,210 - werkzeug - INFO -  * Detected change in 'C:\\Users\\prakhar\\anaconda\\envs\\mlops\\Lib\\site-packages\\prompt_toolkit\\layout\\controls.py', reloading
2025-01-23 14:28:04,210 - werkzeug - INFO -  * Detected change in 'C:\\Users\\prakhar\\anaconda\\envs\\mlops\\Lib\\site-packages\\prompt_toolkit\\lexers\\__init__.py', reloading
2025-01-23 14:28:04,210 - werkzeug - INFO -  * Detected change in 'C:\\Users\\prakhar\\anaconda\\envs\\mlops\\Lib\\site-packages\\prompt_toolkit\\lexers\\__init__.py', reloading
2025-01-23 14:28:04,210 - werkzeug - INFO -  * Detected change in 'C:\\Users\\prakhar\\anaconda\\envs\\mlops\\Lib\\site-packages\\prompt_toolkit\\lexers\\base.py', reloading
2025-01-23 14:28:04,210 - werkzeug - INFO -  * Detected change in 'C:\\Users\\prakhar\\anaconda\\envs\\mlops\\Lib\\site-packages\\prompt_toolkit\\lexers\\base.py', reloading
2025-01-23 14:28:04,210 - werkzeug - INFO -  * Detected change in 'C:\\Users\\prakhar\\anaconda\\envs\\mlops\\Lib\\site-packages\\prompt_toolkit\\lexers\\pygments.py', reloading
2025-01-23 14:28:04,210 - werkzeug - INFO -  * Detected change in 'C:\\Users\\prakhar\\anaconda\\envs\\mlops\\Lib\\site-packages\\prompt_toolkit\\lexers\\pygments.py', reloading
2025-01-23 14:28:04,210 - werkzeug - INFO -  * Detected change in 'C:\\Users\\prakhar\\anaconda\\envs\\mlops\\Lib\\site-packages\\prompt_toolkit\\layout\\processors.py', reloading
2025-01-23 14:28:04,210 - werkzeug - INFO -  * Detected change in 'C:\\Users\\prakhar\\anaconda\\envs\\mlops\\Lib\\site-packages\\prompt_toolkit\\layout\\processors.py', reloading
2025-01-23 14:28:04,210 - werkzeug - INFO -  * Detected change in 'C:\\Users\\prakhar\\anaconda\\envs\\mlops\\Lib\\site-packages\\prompt_toolkit\\layout\\utils.py', reloading
2025-01-23 14:28:04,226 - werkzeug - INFO -  * Detected change in 'C:\\Users\\prakhar\\anaconda\\envs\\mlops\\Lib\\site-packages\\prompt_toolkit\\layout\\utils.py', reloading
2025-01-23 14:28:04,226 - werkzeug - INFO -  * Detected change in 'C:\\Users\\prakhar\\anaconda\\envs\\mlops\\Lib\\site-packages\\prompt_toolkit\\layout\\dimension.py', reloading
2025-01-23 14:28:04,226 - werkzeug - INFO -  * Detected change in 'C:\\Users\\prakhar\\anaconda\\envs\\mlops\\Lib\\site-packages\\prompt_toolkit\\layout\\dimension.py', reloading
2025-01-23 14:28:04,226 - werkzeug - INFO -  * Detected change in 'C:\\Users\\prakhar\\anaconda\\envs\\mlops\\Lib\\site-packages\\prompt_toolkit\\layout\\margins.py', reloading
2025-01-23 14:28:04,226 - werkzeug - INFO -  * Detected change in 'C:\\Users\\prakhar\\anaconda\\envs\\mlops\\Lib\\site-packages\\prompt_toolkit\\layout\\margins.py', reloading
2025-01-23 14:28:04,226 - werkzeug - INFO -  * Detected change in 'C:\\Users\\prakhar\\anaconda\\envs\\mlops\\Lib\\site-packages\\prompt_toolkit\\layout\\mouse_handlers.py', reloading
2025-01-23 14:28:04,226 - werkzeug - INFO -  * Detected change in 'C:\\Users\\prakhar\\anaconda\\envs\\mlops\\Lib\\site-packages\\prompt_toolkit\\layout\\mouse_handlers.py', reloading
2025-01-23 14:28:04,226 - werkzeug - INFO -  * Detected change in 'C:\\Users\\prakhar\\anaconda\\envs\\mlops\\Lib\\site-packages\\prompt_toolkit\\layout\\screen.py', reloading
2025-01-23 14:28:04,226 - werkzeug - INFO -  * Detected change in 'C:\\Users\\prakhar\\anaconda\\envs\\mlops\\Lib\\site-packages\\prompt_toolkit\\layout\\screen.py', reloading
2025-01-23 14:28:04,226 - werkzeug - INFO -  * Detected change in 'C:\\Users\\prakhar\\anaconda\\envs\\mlops\\Lib\\site-packages\\prompt_toolkit\\layout\\layout.py', reloading
2025-01-23 14:28:04,226 - werkzeug - INFO -  * Detected change in 'C:\\Users\\prakhar\\anaconda\\envs\\mlops\\Lib\\site-packages\\prompt_toolkit\\layout\\layout.py', reloading
2025-01-23 14:28:04,226 - werkzeug - INFO -  * Detected change in 'C:\\Users\\prakhar\\anaconda\\envs\\mlops\\Lib\\site-packages\\prompt_toolkit\\layout\\menus.py', reloading
2025-01-23 14:28:04,226 - werkzeug - INFO -  * Detected change in 'C:\\Users\\prakhar\\anaconda\\envs\\mlops\\Lib\\site-packages\\prompt_toolkit\\layout\\menus.py', reloading
2025-01-23 14:28:04,226 - werkzeug - INFO -  * Detected change in 'C:\\Users\\prakhar\\anaconda\\envs\\mlops\\Lib\\site-packages\\prompt_toolkit\\layout\\scrollable_pane.py', reloading
2025-01-23 14:28:04,226 - werkzeug - INFO -  * Detected change in 'C:\\Users\\prakhar\\anaconda\\envs\\mlops\\Lib\\site-packages\\prompt_toolkit\\layout\\scrollable_pane.py', reloading
2025-01-23 14:28:04,226 - werkzeug - INFO -  * Detected change in 'C:\\Users\\prakhar\\anaconda\\envs\\mlops\\Lib\\site-packages\\prompt_toolkit\\key_binding\\bindings\\completion.py', reloading
2025-01-23 14:28:04,242 - werkzeug - INFO -  * Detected change in 'C:\\Users\\prakhar\\anaconda\\envs\\mlops\\Lib\\site-packages\\prompt_toolkit\\key_binding\\bindings\\completion.py', reloading
2025-01-23 14:28:04,242 - werkzeug - INFO -  * Detected change in 'C:\\Users\\prakhar\\anaconda\\envs\\mlops\\Lib\\site-packages\\prompt_toolkit\\key_binding\\bindings\\cpr.py', reloading
2025-01-23 14:28:04,242 - werkzeug - INFO -  * Detected change in 'C:\\Users\\prakhar\\anaconda\\envs\\mlops\\Lib\\site-packages\\prompt_toolkit\\key_binding\\bindings\\cpr.py', reloading
2025-01-23 14:28:04,242 - werkzeug - INFO -  * Detected change in 'C:\\Users\\prakhar\\anaconda\\envs\\mlops\\Lib\\site-packages\\prompt_toolkit\\key_binding\\bindings\\emacs.py', reloading
2025-01-23 14:28:04,242 - werkzeug - INFO -  * Detected change in 'C:\\Users\\prakhar\\anaconda\\envs\\mlops\\Lib\\site-packages\\prompt_toolkit\\key_binding\\bindings\\emacs.py', reloading
2025-01-23 14:28:04,242 - werkzeug - INFO -  * Detected change in 'C:\\Users\\prakhar\\anaconda\\envs\\mlops\\Lib\\site-packages\\prompt_toolkit\\key_binding\\bindings\\mouse.py', reloading
2025-01-23 14:28:04,242 - werkzeug - INFO -  * Detected change in 'C:\\Users\\prakhar\\anaconda\\envs\\mlops\\Lib\\site-packages\\prompt_toolkit\\key_binding\\bindings\\mouse.py', reloading
2025-01-23 14:28:04,242 - werkzeug - INFO -  * Detected change in 'C:\\Users\\prakhar\\anaconda\\envs\\mlops\\Lib\\site-packages\\prompt_toolkit\\key_binding\\bindings\\vi.py', reloading
2025-01-23 14:28:04,242 - werkzeug - INFO -  * Detected change in 'C:\\Users\\prakhar\\anaconda\\envs\\mlops\\Lib\\site-packages\\prompt_toolkit\\key_binding\\bindings\\vi.py', reloading
2025-01-23 14:28:04,242 - werkzeug - INFO -  * Detected change in 'C:\\Users\\prakhar\\anaconda\\envs\\mlops\\Lib\\site-packages\\prompt_toolkit\\input\\vt100_parser.py', reloading
2025-01-23 14:28:04,242 - werkzeug - INFO -  * Detected change in 'C:\\Users\\prakhar\\anaconda\\envs\\mlops\\Lib\\site-packages\\prompt_toolkit\\input\\vt100_parser.py', reloading
2025-01-23 14:28:04,242 - werkzeug - INFO -  * Detected change in 'C:\\Users\\prakhar\\anaconda\\envs\\mlops\\Lib\\site-packages\\prompt_toolkit\\input\\ansi_escape_sequences.py', reloading
2025-01-23 14:28:04,242 - werkzeug - INFO -  * Detected change in 'C:\\Users\\prakhar\\anaconda\\envs\\mlops\\Lib\\site-packages\\prompt_toolkit\\input\\ansi_escape_sequences.py', reloading
2025-01-23 14:28:04,242 - werkzeug - INFO -  * Detected change in 'C:\\Users\\prakhar\\anaconda\\envs\\mlops\\Lib\\site-packages\\prompt_toolkit\\key_binding\\digraphs.py', reloading
2025-01-23 14:28:04,242 - werkzeug - INFO -  * Detected change in 'C:\\Users\\prakhar\\anaconda\\envs\\mlops\\Lib\\site-packages\\prompt_toolkit\\key_binding\\digraphs.py', reloading
2025-01-23 14:28:04,257 - werkzeug - INFO -  * Detected change in 'C:\\Users\\prakhar\\anaconda\\envs\\mlops\\Lib\\site-packages\\prompt_toolkit\\key_binding\\emacs_state.py', reloading
2025-01-23 14:28:04,257 - werkzeug - INFO -  * Detected change in 'C:\\Users\\prakhar\\anaconda\\envs\\mlops\\Lib\\site-packages\\prompt_toolkit\\key_binding\\emacs_state.py', reloading
2025-01-23 14:28:04,257 - werkzeug - INFO -  * Detected change in 'C:\\Users\\prakhar\\anaconda\\envs\\mlops\\Lib\\site-packages\\prompt_toolkit\\layout\\dummy.py', reloading
2025-01-23 14:28:04,257 - werkzeug - INFO -  * Detected change in 'C:\\Users\\prakhar\\anaconda\\envs\\mlops\\Lib\\site-packages\\prompt_toolkit\\layout\\dummy.py', reloading
2025-01-23 14:28:04,257 - werkzeug - INFO -  * Detected change in 'C:\\Users\\prakhar\\anaconda\\envs\\mlops\\Lib\\site-packages\\prompt_toolkit\\renderer.py', reloading
2025-01-23 14:28:04,257 - werkzeug - INFO -  * Detected change in 'C:\\Users\\prakhar\\anaconda\\envs\\mlops\\Lib\\site-packages\\prompt_toolkit\\renderer.py', reloading
2025-01-23 14:28:04,257 - werkzeug - INFO -  * Detected change in 'C:\\Users\\prakhar\\anaconda\\envs\\mlops\\Lib\\site-packages\\prompt_toolkit\\application\\dummy.py', reloading
2025-01-23 14:28:04,257 - werkzeug - INFO -  * Detected change in 'C:\\Users\\prakhar\\anaconda\\envs\\mlops\\Lib\\site-packages\\prompt_toolkit\\application\\dummy.py', reloading
2025-01-23 14:28:04,257 - werkzeug - INFO -  * Detected change in 'C:\\Users\\prakhar\\anaconda\\envs\\mlops\\Lib\\site-packages\\prompt_toolkit\\shortcuts\\__init__.py', reloading
2025-01-23 14:28:04,257 - werkzeug - INFO -  * Detected change in 'C:\\Users\\prakhar\\anaconda\\envs\\mlops\\Lib\\site-packages\\prompt_toolkit\\shortcuts\\__init__.py', reloading
2025-01-23 14:28:04,257 - werkzeug - INFO -  * Detected change in 'C:\\Users\\prakhar\\anaconda\\envs\\mlops\\Lib\\site-packages\\prompt_toolkit\\shortcuts\\dialogs.py', reloading
2025-01-23 14:28:04,257 - werkzeug - INFO -  * Detected change in 'C:\\Users\\prakhar\\anaconda\\envs\\mlops\\Lib\\site-packages\\prompt_toolkit\\shortcuts\\dialogs.py', reloading
2025-01-23 14:28:04,257 - werkzeug - INFO -  * Detected change in 'C:\\Users\\prakhar\\anaconda\\envs\\mlops\\Lib\\site-packages\\prompt_toolkit\\key_binding\\bindings\\focus.py', reloading
2025-01-23 14:28:04,257 - werkzeug - INFO -  * Detected change in 'C:\\Users\\prakhar\\anaconda\\envs\\mlops\\Lib\\site-packages\\prompt_toolkit\\key_binding\\bindings\\focus.py', reloading
2025-01-23 14:28:04,257 - werkzeug - INFO -  * Detected change in 'C:\\Users\\prakhar\\anaconda\\envs\\mlops\\Lib\\site-packages\\prompt_toolkit\\widgets\\__init__.py', reloading
2025-01-23 14:28:04,257 - werkzeug - INFO -  * Detected change in 'C:\\Users\\prakhar\\anaconda\\envs\\mlops\\Lib\\site-packages\\prompt_toolkit\\widgets\\__init__.py', reloading
2025-01-23 14:28:04,273 - werkzeug - INFO -  * Detected change in 'C:\\Users\\prakhar\\anaconda\\envs\\mlops\\Lib\\site-packages\\prompt_toolkit\\widgets\\base.py', reloading
2025-01-23 14:28:04,273 - werkzeug - INFO -  * Detected change in 'C:\\Users\\prakhar\\anaconda\\envs\\mlops\\Lib\\site-packages\\prompt_toolkit\\widgets\\base.py', reloading
2025-01-23 14:28:04,273 - werkzeug - INFO -  * Detected change in 'C:\\Users\\prakhar\\anaconda\\envs\\mlops\\Lib\\site-packages\\prompt_toolkit\\widgets\\toolbars.py', reloading
2025-01-23 14:28:04,273 - werkzeug - INFO -  * Detected change in 'C:\\Users\\prakhar\\anaconda\\envs\\mlops\\Lib\\site-packages\\prompt_toolkit\\widgets\\toolbars.py', reloading
2025-01-23 14:28:04,273 - werkzeug - INFO -  * Detected change in 'C:\\Users\\prakhar\\anaconda\\envs\\mlops\\Lib\\site-packages\\prompt_toolkit\\widgets\\dialogs.py', reloading
2025-01-23 14:28:04,273 - werkzeug - INFO -  * Detected change in 'C:\\Users\\prakhar\\anaconda\\envs\\mlops\\Lib\\site-packages\\prompt_toolkit\\widgets\\dialogs.py', reloading
2025-01-23 14:28:04,273 - werkzeug - INFO -  * Detected change in 'C:\\Users\\prakhar\\anaconda\\envs\\mlops\\Lib\\site-packages\\prompt_toolkit\\widgets\\menus.py', reloading
2025-01-23 14:28:04,273 - werkzeug - INFO -  * Detected change in 'C:\\Users\\prakhar\\anaconda\\envs\\mlops\\Lib\\site-packages\\prompt_toolkit\\widgets\\menus.py', reloading
2025-01-23 14:28:04,273 - werkzeug - INFO -  * Detected change in 'C:\\Users\\prakhar\\anaconda\\envs\\mlops\\Lib\\site-packages\\prompt_toolkit\\shortcuts\\progress_bar\\__init__.py', reloading
2025-01-23 14:28:04,273 - werkzeug - INFO -  * Detected change in 'C:\\Users\\prakhar\\anaconda\\envs\\mlops\\Lib\\site-packages\\prompt_toolkit\\shortcuts\\progress_bar\\__init__.py', reloading
2025-01-23 14:28:04,273 - werkzeug - INFO -  * Detected change in 'C:\\Users\\prakhar\\anaconda\\envs\\mlops\\Lib\\site-packages\\prompt_toolkit\\shortcuts\\progress_bar\\base.py', reloading
2025-01-23 14:28:04,273 - werkzeug - INFO -  * Detected change in 'C:\\Users\\prakhar\\anaconda\\envs\\mlops\\Lib\\site-packages\\prompt_toolkit\\shortcuts\\progress_bar\\base.py', reloading
2025-01-23 14:28:04,273 - werkzeug - INFO -  * Detected change in 'C:\\Users\\prakhar\\anaconda\\envs\\mlops\\Lib\\site-packages\\prompt_toolkit\\shortcuts\\progress_bar\\formatters.py', reloading
2025-01-23 14:28:04,273 - werkzeug - INFO -  * Detected change in 'C:\\Users\\prakhar\\anaconda\\envs\\mlops\\Lib\\site-packages\\prompt_toolkit\\shortcuts\\progress_bar\\formatters.py', reloading
2025-01-23 14:28:04,273 - werkzeug - INFO -  * Detected change in 'C:\\Users\\prakhar\\anaconda\\envs\\mlops\\Lib\\site-packages\\prompt_toolkit\\shortcuts\\prompt.py', reloading
2025-01-23 14:28:04,273 - werkzeug - INFO -  * Detected change in 'C:\\Users\\prakhar\\anaconda\\envs\\mlops\\Lib\\site-packages\\prompt_toolkit\\shortcuts\\prompt.py', reloading
2025-01-23 14:28:04,289 - werkzeug - INFO -  * Detected change in 'C:\\Users\\prakhar\\anaconda\\envs\\mlops\\Lib\\site-packages\\prompt_toolkit\\key_binding\\bindings\\auto_suggest.py', reloading
2025-01-23 14:28:04,289 - werkzeug - INFO -  * Detected change in 'C:\\Users\\prakhar\\anaconda\\envs\\mlops\\Lib\\site-packages\\prompt_toolkit\\key_binding\\bindings\\auto_suggest.py', reloading
2025-01-23 14:28:04,289 - werkzeug - INFO -  * Detected change in 'C:\\Users\\prakhar\\anaconda\\envs\\mlops\\Lib\\site-packages\\prompt_toolkit\\key_binding\\bindings\\open_in_editor.py', reloading
2025-01-23 14:28:04,289 - werkzeug - INFO -  * Detected change in 'C:\\Users\\prakhar\\anaconda\\envs\\mlops\\Lib\\site-packages\\prompt_toolkit\\shortcuts\\utils.py', reloading
2025-01-23 14:28:04,289 - werkzeug - INFO -  * Detected change in 'C:\\Users\\prakhar\\anaconda\\envs\\mlops\\Lib\\site-packages\\prompt_toolkit\\patch_stdout.py', reloading
2025-01-23 14:28:04,289 - werkzeug - INFO -  * Detected change in 'C:\\Users\\prakhar\\anaconda\\envs\\mlops\\Lib\\site-packages\\jedi\\__init__.py', reloading
2025-01-23 14:28:04,289 - werkzeug - INFO -  * Detected change in 'C:\\Users\\prakhar\\anaconda\\envs\\mlops\\Lib\\site-packages\\jedi\\__init__.py', reloading
2025-01-23 14:28:04,289 - werkzeug - INFO -  * Detected change in 'C:\\Users\\prakhar\\anaconda\\envs\\mlops\\Lib\\site-packages\\jedi\\api\\__init__.py', reloading
2025-01-23 14:28:04,289 - werkzeug - INFO -  * Detected change in 'C:\\Users\\prakhar\\anaconda\\envs\\mlops\\Lib\\site-packages\\jedi\\api\\__init__.py', reloading
2025-01-23 14:28:04,304 - werkzeug - INFO -  * Detected change in 'C:\\Users\\prakhar\\anaconda\\envs\\mlops\\Lib\\site-packages\\parso\\__init__.py', reloading
2025-01-23 14:28:04,304 - werkzeug - INFO -  * Detected change in 'C:\\Users\\prakhar\\anaconda\\envs\\mlops\\Lib\\site-packages\\parso\\__init__.py', reloading
2025-01-23 14:28:04,304 - werkzeug - INFO -  * Detected change in 'C:\\Users\\prakhar\\anaconda\\envs\\mlops\\Lib\\site-packages\\parso\\parser.py', reloading
2025-01-23 14:28:04,304 - werkzeug - INFO -  * Detected change in 'C:\\Users\\prakhar\\anaconda\\envs\\mlops\\Lib\\site-packages\\parso\\parser.py', reloading
2025-01-23 14:28:04,304 - werkzeug - INFO -  * Detected change in 'C:\\Users\\prakhar\\anaconda\\envs\\mlops\\Lib\\site-packages\\parso\\tree.py', reloading
2025-01-23 14:28:04,304 - werkzeug - INFO -  * Detected change in 'C:\\Users\\prakhar\\anaconda\\envs\\mlops\\Lib\\site-packages\\parso\\tree.py', reloading
2025-01-23 14:28:04,304 - werkzeug - INFO -  * Detected change in 'C:\\Users\\prakhar\\anaconda\\envs\\mlops\\Lib\\site-packages\\parso\\utils.py', reloading
2025-01-23 14:28:04,320 - werkzeug - INFO -  * Detected change in 'C:\\Users\\prakhar\\anaconda\\envs\\mlops\\Lib\\site-packages\\parso\\utils.py', reloading
2025-01-23 14:28:04,320 - werkzeug - INFO -  * Detected change in 'C:\\Users\\prakhar\\anaconda\\envs\\mlops\\Lib\\site-packages\\parso\\pgen2\\__init__.py', reloading
2025-01-23 14:28:04,320 - werkzeug - INFO -  * Detected change in 'C:\\Users\\prakhar\\anaconda\\envs\\mlops\\Lib\\site-packages\\parso\\pgen2\\__init__.py', reloading
2025-01-23 14:28:04,320 - werkzeug - INFO -  * Detected change in 'C:\\Users\\prakhar\\anaconda\\envs\\mlops\\Lib\\site-packages\\parso\\pgen2\\generator.py', reloading
2025-01-23 14:28:04,320 - werkzeug - INFO -  * Detected change in 'C:\\Users\\prakhar\\anaconda\\envs\\mlops\\Lib\\site-packages\\parso\\pgen2\\generator.py', reloading
2025-01-23 14:28:04,320 - werkzeug - INFO -  * Detected change in 'C:\\Users\\prakhar\\anaconda\\envs\\mlops\\Lib\\site-packages\\parso\\pgen2\\grammar_parser.py', reloading
2025-01-23 14:28:04,320 - werkzeug - INFO -  * Detected change in 'C:\\Users\\prakhar\\anaconda\\envs\\mlops\\Lib\\site-packages\\parso\\pgen2\\grammar_parser.py', reloading
2025-01-23 14:28:04,320 - werkzeug - INFO -  * Detected change in 'C:\\Users\\prakhar\\anaconda\\envs\\mlops\\Lib\\site-packages\\parso\\python\\tokenize.py', reloading
2025-01-23 14:28:04,320 - werkzeug - INFO -  * Detected change in 'C:\\Users\\prakhar\\anaconda\\envs\\mlops\\Lib\\site-packages\\parso\\python\\tokenize.py', reloading
2025-01-23 14:28:04,320 - werkzeug - INFO -  * Detected change in 'C:\\Users\\prakhar\\anaconda\\envs\\mlops\\Lib\\site-packages\\parso\\python\\token.py', reloading
2025-01-23 14:28:04,320 - werkzeug - INFO -  * Detected change in 'C:\\Users\\prakhar\\anaconda\\envs\\mlops\\Lib\\site-packages\\parso\\python\\token.py', reloading
2025-01-23 14:28:04,320 - werkzeug - INFO -  * Detected change in 'C:\\Users\\prakhar\\anaconda\\envs\\mlops\\Lib\\site-packages\\parso\\grammar.py', reloading
2025-01-23 14:28:04,320 - werkzeug - INFO -  * Detected change in 'C:\\Users\\prakhar\\anaconda\\envs\\mlops\\Lib\\site-packages\\parso\\grammar.py', reloading
2025-01-23 14:28:04,320 - werkzeug - INFO -  * Detected change in 'C:\\Users\\prakhar\\anaconda\\envs\\mlops\\Lib\\site-packages\\parso\\_compatibility.py', reloading
2025-01-23 14:28:04,335 - werkzeug - INFO -  * Detected change in 'C:\\Users\\prakhar\\anaconda\\envs\\mlops\\Lib\\site-packages\\parso\\_compatibility.py', reloading
2025-01-23 14:28:04,335 - werkzeug - INFO -  * Detected change in 'C:\\Users\\prakhar\\anaconda\\envs\\mlops\\Lib\\site-packages\\parso\\python\\diff.py', reloading
2025-01-23 14:28:04,335 - werkzeug - INFO -  * Detected change in 'C:\\Users\\prakhar\\anaconda\\envs\\mlops\\Lib\\site-packages\\parso\\python\\diff.py', reloading
2025-01-23 14:28:04,335 - werkzeug - INFO -  * Detected change in 'C:\\Users\\prakhar\\anaconda\\envs\\mlops\\Lib\\site-packages\\parso\\python\\parser.py', reloading
2025-01-23 14:28:04,335 - werkzeug - INFO -  * Detected change in 'C:\\Users\\prakhar\\anaconda\\envs\\mlops\\Lib\\site-packages\\parso\\python\\parser.py', reloading
2025-01-23 14:28:04,335 - werkzeug - INFO -  * Detected change in 'C:\\Users\\prakhar\\anaconda\\envs\\mlops\\Lib\\site-packages\\parso\\python\\tree.py', reloading
2025-01-23 14:28:04,335 - werkzeug - INFO -  * Detected change in 'C:\\Users\\prakhar\\anaconda\\envs\\mlops\\Lib\\site-packages\\parso\\python\\tree.py', reloading
2025-01-23 14:28:04,335 - werkzeug - INFO -  * Detected change in 'C:\\Users\\prakhar\\anaconda\\envs\\mlops\\Lib\\site-packages\\parso\\python\\prefix.py', reloading
2025-01-23 14:28:04,335 - werkzeug - INFO -  * Detected change in 'C:\\Users\\prakhar\\anaconda\\envs\\mlops\\Lib\\site-packages\\parso\\python\\prefix.py', reloading
2025-01-23 14:28:04,335 - werkzeug - INFO -  * Detected change in 'C:\\Users\\prakhar\\anaconda\\envs\\mlops\\Lib\\site-packages\\parso\\cache.py', reloading
2025-01-23 14:28:04,335 - werkzeug - INFO -  * Detected change in 'C:\\Users\\prakhar\\anaconda\\envs\\mlops\\Lib\\site-packages\\parso\\cache.py', reloading
2025-01-23 14:28:04,351 - werkzeug - INFO -  * Detected change in 'C:\\Users\\prakhar\\anaconda\\envs\\mlops\\Lib\\site-packages\\parso\\python\\errors.py', reloading
2025-01-23 14:28:04,351 - werkzeug - INFO -  * Detected change in 'C:\\Users\\prakhar\\anaconda\\envs\\mlops\\Lib\\site-packages\\parso\\python\\errors.py', reloading
2025-01-23 14:28:04,351 - werkzeug - INFO -  * Detected change in 'C:\\Users\\prakhar\\anaconda\\envs\\mlops\\Lib\\site-packages\\parso\\normalizer.py', reloading
2025-01-23 14:28:04,367 - werkzeug - INFO -  * Detected change in 'C:\\Users\\prakhar\\anaconda\\envs\\mlops\\Lib\\site-packages\\parso\\normalizer.py', reloading
2025-01-23 14:28:04,367 - werkzeug - INFO -  * Detected change in 'C:\\Users\\prakhar\\anaconda\\envs\\mlops\\Lib\\site-packages\\parso\\python\\pep8.py', reloading
2025-01-23 14:28:04,367 - werkzeug - INFO -  * Detected change in 'C:\\Users\\prakhar\\anaconda\\envs\\mlops\\Lib\\site-packages\\parso\\python\\pep8.py', reloading
2025-01-23 14:28:04,367 - werkzeug - INFO -  * Detected change in 'C:\\Users\\prakhar\\anaconda\\envs\\mlops\\Lib\\site-packages\\parso\\file_io.py', reloading
2025-01-23 14:28:04,367 - werkzeug - INFO -  * Detected change in 'C:\\Users\\prakhar\\anaconda\\envs\\mlops\\Lib\\site-packages\\parso\\file_io.py', reloading
2025-01-23 14:28:04,367 - werkzeug - INFO -  * Detected change in 'C:\\Users\\prakhar\\anaconda\\envs\\mlops\\Lib\\site-packages\\jedi\\parser_utils.py', reloading
2025-01-23 14:28:04,367 - werkzeug - INFO -  * Detected change in 'C:\\Users\\prakhar\\anaconda\\envs\\mlops\\Lib\\site-packages\\jedi\\parser_utils.py', reloading
2025-01-23 14:28:04,367 - werkzeug - INFO -  * Detected change in 'C:\\Users\\prakhar\\anaconda\\envs\\mlops\\Lib\\site-packages\\jedi\\debug.py', reloading
2025-01-23 14:28:04,367 - werkzeug - INFO -  * Detected change in 'C:\\Users\\prakhar\\anaconda\\envs\\mlops\\Lib\\site-packages\\jedi\\debug.py', reloading
2025-01-23 14:28:04,367 - werkzeug - INFO -  * Detected change in 'C:\\Users\\prakhar\\anaconda\\envs\\mlops\\Lib\\site-packages\\jedi\\settings.py', reloading
2025-01-23 14:28:04,367 - werkzeug - INFO -  * Detected change in 'C:\\Users\\prakhar\\anaconda\\envs\\mlops\\Lib\\site-packages\\jedi\\settings.py', reloading
2025-01-23 14:28:04,367 - werkzeug - INFO -  * Detected change in 'C:\\Users\\prakhar\\anaconda\\envs\\mlops\\Lib\\site-packages\\jedi\\cache.py', reloading
2025-01-23 14:28:04,367 - werkzeug - INFO -  * Detected change in 'C:\\Users\\prakhar\\anaconda\\envs\\mlops\\Lib\\site-packages\\jedi\\cache.py', reloading
2025-01-23 14:28:04,367 - werkzeug - INFO -  * Detected change in 'C:\\Users\\prakhar\\anaconda\\envs\\mlops\\Lib\\site-packages\\jedi\\file_io.py', reloading
2025-01-23 14:28:04,367 - werkzeug - INFO -  * Detected change in 'C:\\Users\\prakhar\\anaconda\\envs\\mlops\\Lib\\site-packages\\jedi\\file_io.py', reloading
2025-01-23 14:28:04,367 - werkzeug - INFO -  * Detected change in 'C:\\Users\\prakhar\\anaconda\\envs\\mlops\\Lib\\site-packages\\jedi\\api\\classes.py', reloading
2025-01-23 14:28:04,367 - werkzeug - INFO -  * Detected change in 'C:\\Users\\prakhar\\anaconda\\envs\\mlops\\Lib\\site-packages\\jedi\\api\\classes.py', reloading
2025-01-23 14:28:04,367 - werkzeug - INFO -  * Detected change in 'C:\\Users\\prakhar\\anaconda\\envs\\mlops\\Lib\\site-packages\\jedi\\inference\\__init__.py', reloading
2025-01-23 14:28:04,367 - werkzeug - INFO -  * Detected change in 'C:\\Users\\prakhar\\anaconda\\envs\\mlops\\Lib\\site-packages\\jedi\\inference\\__init__.py', reloading
2025-01-23 14:28:04,382 - werkzeug - INFO -  * Detected change in 'C:\\Users\\prakhar\\anaconda\\envs\\mlops\\Lib\\site-packages\\jedi\\inference\\imports.py', reloading
2025-01-23 14:28:04,382 - werkzeug - INFO -  * Detected change in 'C:\\Users\\prakhar\\anaconda\\envs\\mlops\\Lib\\site-packages\\jedi\\inference\\imports.py', reloading
2025-01-23 14:28:04,382 - werkzeug - INFO -  * Detected change in 'C:\\Users\\prakhar\\anaconda\\envs\\mlops\\Lib\\site-packages\\jedi\\inference\\sys_path.py', reloading
2025-01-23 14:28:04,382 - werkzeug - INFO -  * Detected change in 'C:\\Users\\prakhar\\anaconda\\envs\\mlops\\Lib\\site-packages\\jedi\\inference\\sys_path.py', reloading
2025-01-23 14:28:04,382 - werkzeug - INFO -  * Detected change in 'C:\\Users\\prakhar\\anaconda\\envs\\mlops\\Lib\\site-packages\\jedi\\inference\\cache.py', reloading
2025-01-23 14:28:04,382 - werkzeug - INFO -  * Detected change in 'C:\\Users\\prakhar\\anaconda\\envs\\mlops\\Lib\\site-packages\\jedi\\inference\\cache.py', reloading
2025-01-23 14:28:04,382 - werkzeug - INFO -  * Detected change in 'C:\\Users\\prakhar\\anaconda\\envs\\mlops\\Lib\\site-packages\\jedi\\inference\\base_value.py', reloading
2025-01-23 14:28:04,382 - werkzeug - INFO -  * Detected change in 'C:\\Users\\prakhar\\anaconda\\envs\\mlops\\Lib\\site-packages\\jedi\\inference\\base_value.py', reloading
2025-01-23 14:28:04,382 - werkzeug - INFO -  * Detected change in 'C:\\Users\\prakhar\\anaconda\\envs\\mlops\\Lib\\site-packages\\jedi\\inference\\helpers.py', reloading
2025-01-23 14:28:04,382 - werkzeug - INFO -  * Detected change in 'C:\\Users\\prakhar\\anaconda\\envs\\mlops\\Lib\\site-packages\\jedi\\inference\\helpers.py', reloading
2025-01-23 14:28:04,382 - werkzeug - INFO -  * Detected change in 'C:\\Users\\prakhar\\anaconda\\envs\\mlops\\Lib\\site-packages\\jedi\\inference\\utils.py', reloading
2025-01-23 14:28:04,382 - werkzeug - INFO -  * Detected change in 'C:\\Users\\prakhar\\anaconda\\envs\\mlops\\Lib\\site-packages\\jedi\\inference\\utils.py', reloading
2025-01-23 14:28:04,382 - werkzeug - INFO -  * Detected change in 'C:\\Users\\prakhar\\anaconda\\envs\\mlops\\Lib\\site-packages\\jedi\\inference\\compiled\\__init__.py', reloading
2025-01-23 14:28:04,382 - werkzeug - INFO -  * Detected change in 'C:\\Users\\prakhar\\anaconda\\envs\\mlops\\Lib\\site-packages\\jedi\\inference\\compiled\\__init__.py', reloading
2025-01-23 14:28:04,382 - werkzeug - INFO -  * Detected change in 'C:\\Users\\prakhar\\anaconda\\envs\\mlops\\Lib\\site-packages\\jedi\\inference\\compiled\\value.py', reloading
2025-01-23 14:28:04,382 - werkzeug - INFO -  * Detected change in 'C:\\Users\\prakhar\\anaconda\\envs\\mlops\\Lib\\site-packages\\jedi\\inference\\compiled\\value.py', reloading
2025-01-23 14:28:04,382 - werkzeug - INFO -  * Detected change in 'C:\\Users\\prakhar\\anaconda\\envs\\mlops\\Lib\\site-packages\\jedi\\inference\\filters.py', reloading
2025-01-23 14:28:04,382 - werkzeug - INFO -  * Detected change in 'C:\\Users\\prakhar\\anaconda\\envs\\mlops\\Lib\\site-packages\\jedi\\inference\\filters.py', reloading
2025-01-23 14:28:04,382 - werkzeug - INFO -  * Detected change in 'C:\\Users\\prakhar\\anaconda\\envs\\mlops\\Lib\\site-packages\\jedi\\inference\\flow_analysis.py', reloading
2025-01-23 14:28:04,382 - werkzeug - INFO -  * Detected change in 'C:\\Users\\prakhar\\anaconda\\envs\\mlops\\Lib\\site-packages\\jedi\\inference\\flow_analysis.py', reloading
2025-01-23 14:28:04,382 - werkzeug - INFO -  * Detected change in 'C:\\Users\\prakhar\\anaconda\\envs\\mlops\\Lib\\site-packages\\jedi\\inference\\recursion.py', reloading
2025-01-23 14:28:04,382 - werkzeug - INFO -  * Detected change in 'C:\\Users\\prakhar\\anaconda\\envs\\mlops\\Lib\\site-packages\\jedi\\inference\\recursion.py', reloading
2025-01-23 14:28:04,382 - werkzeug - INFO -  * Detected change in 'C:\\Users\\prakhar\\anaconda\\envs\\mlops\\Lib\\site-packages\\jedi\\inference\\names.py', reloading
2025-01-23 14:28:04,382 - werkzeug - INFO -  * Detected change in 'C:\\Users\\prakhar\\anaconda\\envs\\mlops\\Lib\\site-packages\\jedi\\inference\\names.py', reloading
2025-01-23 14:28:04,382 - werkzeug - INFO -  * Detected change in 'C:\\Users\\prakhar\\anaconda\\envs\\mlops\\Lib\\site-packages\\jedi\\inference\\docstrings.py', reloading
2025-01-23 14:28:04,382 - werkzeug - INFO -  * Detected change in 'C:\\Users\\prakhar\\anaconda\\envs\\mlops\\Lib\\site-packages\\jedi\\inference\\docstrings.py', reloading
2025-01-23 14:28:04,398 - werkzeug - INFO -  * Detected change in 'C:\\Users\\prakhar\\anaconda\\envs\\mlops\\Lib\\site-packages\\jedi\\inference\\lazy_value.py', reloading
2025-01-23 14:28:04,398 - werkzeug - INFO -  * Detected change in 'C:\\Users\\prakhar\\anaconda\\envs\\mlops\\Lib\\site-packages\\jedi\\inference\\lazy_value.py', reloading
2025-01-23 14:28:04,398 - werkzeug - INFO -  * Detected change in 'C:\\Users\\prakhar\\anaconda\\envs\\mlops\\Lib\\site-packages\\jedi\\common.py', reloading
2025-01-23 14:28:04,398 - werkzeug - INFO -  * Detected change in 'C:\\Users\\prakhar\\anaconda\\envs\\mlops\\Lib\\site-packages\\jedi\\common.py', reloading
2025-01-23 14:28:04,398 - werkzeug - INFO -  * Detected change in 'C:\\Users\\prakhar\\anaconda\\envs\\mlops\\Lib\\site-packages\\jedi\\plugins\\__init__.py', reloading
2025-01-23 14:28:04,398 - werkzeug - INFO -  * Detected change in 'C:\\Users\\prakhar\\anaconda\\envs\\mlops\\Lib\\site-packages\\jedi\\plugins\\__init__.py', reloading
2025-01-23 14:28:04,398 - werkzeug - INFO -  * Detected change in 'C:\\Users\\prakhar\\anaconda\\envs\\mlops\\Lib\\site-packages\\jedi\\inference\\compiled\\access.py', reloading
2025-01-23 14:28:04,398 - werkzeug - INFO -  * Detected change in 'C:\\Users\\prakhar\\anaconda\\envs\\mlops\\Lib\\site-packages\\jedi\\inference\\compiled\\access.py', reloading
2025-01-23 14:28:04,398 - werkzeug - INFO -  * Detected change in 'C:\\Users\\prakhar\\anaconda\\envs\\mlops\\Lib\\site-packages\\jedi\\inference\\compiled\\getattr_static.py', reloading
2025-01-23 14:28:04,398 - werkzeug - INFO -  * Detected change in 'C:\\Users\\prakhar\\anaconda\\envs\\mlops\\Lib\\site-packages\\jedi\\inference\\compiled\\getattr_static.py', reloading
2025-01-23 14:28:04,398 - werkzeug - INFO -  * Detected change in 'C:\\Users\\prakhar\\anaconda\\envs\\mlops\\Lib\\site-packages\\jedi\\inference\\signature.py', reloading
2025-01-23 14:28:04,398 - werkzeug - INFO -  * Detected change in 'C:\\Users\\prakhar\\anaconda\\envs\\mlops\\Lib\\site-packages\\jedi\\inference\\signature.py', reloading
2025-01-23 14:28:04,398 - werkzeug - INFO -  * Detected change in 'C:\\Users\\prakhar\\anaconda\\envs\\mlops\\Lib\\site-packages\\jedi\\inference\\context.py', reloading
2025-01-23 14:28:04,398 - werkzeug - INFO -  * Detected change in 'C:\\Users\\prakhar\\anaconda\\envs\\mlops\\Lib\\site-packages\\jedi\\inference\\context.py', reloading
2025-01-23 14:28:04,398 - werkzeug - INFO -  * Detected change in 'C:\\Users\\prakhar\\anaconda\\envs\\mlops\\Lib\\site-packages\\jedi\\inference\\analysis.py', reloading
2025-01-23 14:28:04,398 - werkzeug - INFO -  * Detected change in 'C:\\Users\\prakhar\\anaconda\\envs\\mlops\\Lib\\site-packages\\jedi\\inference\\analysis.py', reloading
2025-01-23 14:28:04,398 - werkzeug - INFO -  * Detected change in 'C:\\Users\\prakhar\\anaconda\\envs\\mlops\\Lib\\site-packages\\jedi\\inference\\gradual\\__init__.py', reloading
2025-01-23 14:28:04,398 - werkzeug - INFO -  * Detected change in 'C:\\Users\\prakhar\\anaconda\\envs\\mlops\\Lib\\site-packages\\jedi\\inference\\gradual\\__init__.py', reloading
2025-01-23 14:28:04,398 - werkzeug - INFO -  * Detected change in 'C:\\Users\\prakhar\\anaconda\\envs\\mlops\\Lib\\site-packages\\jedi\\inference\\gradual\\typeshed.py', reloading
2025-01-23 14:28:04,398 - werkzeug - INFO -  * Detected change in 'C:\\Users\\prakhar\\anaconda\\envs\\mlops\\Lib\\site-packages\\jedi\\inference\\gradual\\typeshed.py', reloading
2025-01-23 14:28:04,398 - werkzeug - INFO -  * Detected change in 'C:\\Users\\prakhar\\anaconda\\envs\\mlops\\Lib\\site-packages\\jedi\\inference\\gradual\\stub_value.py', reloading
2025-01-23 14:28:04,398 - werkzeug - INFO -  * Detected change in 'C:\\Users\\prakhar\\anaconda\\envs\\mlops\\Lib\\site-packages\\jedi\\inference\\gradual\\stub_value.py', reloading
2025-01-23 14:28:04,398 - werkzeug - INFO -  * Detected change in 'C:\\Users\\prakhar\\anaconda\\envs\\mlops\\Lib\\site-packages\\jedi\\inference\\value\\__init__.py', reloading
2025-01-23 14:28:04,398 - werkzeug - INFO -  * Detected change in 'C:\\Users\\prakhar\\anaconda\\envs\\mlops\\Lib\\site-packages\\jedi\\inference\\value\\__init__.py', reloading
2025-01-23 14:28:04,398 - werkzeug - INFO -  * Detected change in 'C:\\Users\\prakhar\\anaconda\\envs\\mlops\\Lib\\site-packages\\jedi\\inference\\value\\module.py', reloading
2025-01-23 14:28:04,398 - werkzeug - INFO -  * Detected change in 'C:\\Users\\prakhar\\anaconda\\envs\\mlops\\Lib\\site-packages\\jedi\\inference\\value\\module.py', reloading
2025-01-23 14:28:04,398 - werkzeug - INFO -  * Detected change in 'C:\\Users\\prakhar\\anaconda\\envs\\mlops\\Lib\\site-packages\\jedi\\inference\\value\\klass.py', reloading
2025-01-23 14:28:04,398 - werkzeug - INFO -  * Detected change in 'C:\\Users\\prakhar\\anaconda\\envs\\mlops\\Lib\\site-packages\\jedi\\inference\\value\\klass.py', reloading
2025-01-23 14:28:04,414 - werkzeug - INFO -  * Detected change in 'C:\\Users\\prakhar\\anaconda\\envs\\mlops\\Lib\\site-packages\\jedi\\inference\\arguments.py', reloading
2025-01-23 14:28:04,414 - werkzeug - INFO -  * Detected change in 'C:\\Users\\prakhar\\anaconda\\envs\\mlops\\Lib\\site-packages\\jedi\\inference\\arguments.py', reloading
2025-01-23 14:28:04,414 - werkzeug - INFO -  * Detected change in 'C:\\Users\\prakhar\\anaconda\\envs\\mlops\\Lib\\site-packages\\jedi\\inference\\value\\iterable.py', reloading
2025-01-23 14:28:04,414 - werkzeug - INFO -  * Detected change in 'C:\\Users\\prakhar\\anaconda\\envs\\mlops\\Lib\\site-packages\\jedi\\inference\\value\\iterable.py', reloading
2025-01-23 14:28:04,414 - werkzeug - INFO -  * Detected change in 'C:\\Users\\prakhar\\anaconda\\envs\\mlops\\Lib\\site-packages\\jedi\\inference\\value\\dynamic_arrays.py', reloading
2025-01-23 14:28:04,414 - werkzeug - INFO -  * Detected change in 'C:\\Users\\prakhar\\anaconda\\envs\\mlops\\Lib\\site-packages\\jedi\\inference\\value\\dynamic_arrays.py', reloading
2025-01-23 14:28:04,414 - werkzeug - INFO -  * Detected change in 'C:\\Users\\prakhar\\anaconda\\envs\\mlops\\Lib\\site-packages\\jedi\\inference\\value\\function.py', reloading
2025-01-23 14:28:04,414 - werkzeug - INFO -  * Detected change in 'C:\\Users\\prakhar\\anaconda\\envs\\mlops\\Lib\\site-packages\\jedi\\inference\\value\\function.py', reloading
2025-01-23 14:28:04,414 - werkzeug - INFO -  * Detected change in 'C:\\Users\\prakhar\\anaconda\\envs\\mlops\\Lib\\site-packages\\jedi\\inference\\parser_cache.py', reloading
2025-01-23 14:28:04,414 - werkzeug - INFO -  * Detected change in 'C:\\Users\\prakhar\\anaconda\\envs\\mlops\\Lib\\site-packages\\jedi\\inference\\parser_cache.py', reloading
2025-01-23 14:28:04,414 - werkzeug - INFO -  * Detected change in 'C:\\Users\\prakhar\\anaconda\\envs\\mlops\\Lib\\site-packages\\jedi\\inference\\gradual\\generics.py', reloading
2025-01-23 14:28:04,414 - werkzeug - INFO -  * Detected change in 'C:\\Users\\prakhar\\anaconda\\envs\\mlops\\Lib\\site-packages\\jedi\\inference\\gradual\\generics.py', reloading
2025-01-23 14:28:04,414 - werkzeug - INFO -  * Detected change in 'C:\\Users\\prakhar\\anaconda\\envs\\mlops\\Lib\\site-packages\\jedi\\inference\\value\\instance.py', reloading
2025-01-23 14:28:04,414 - werkzeug - INFO -  * Detected change in 'C:\\Users\\prakhar\\anaconda\\envs\\mlops\\Lib\\site-packages\\jedi\\inference\\value\\instance.py', reloading
2025-01-23 14:28:04,414 - werkzeug - INFO -  * Detected change in 'C:\\Users\\prakhar\\anaconda\\envs\\mlops\\Lib\\site-packages\\jedi\\inference\\gradual\\typing.py', reloading
2025-01-23 14:28:04,414 - werkzeug - INFO -  * Detected change in 'C:\\Users\\prakhar\\anaconda\\envs\\mlops\\Lib\\site-packages\\jedi\\inference\\gradual\\typing.py', reloading
2025-01-23 14:28:04,414 - werkzeug - INFO -  * Detected change in 'C:\\Users\\prakhar\\anaconda\\envs\\mlops\\Lib\\site-packages\\jedi\\inference\\gradual\\base.py', reloading
2025-01-23 14:28:04,414 - werkzeug - INFO -  * Detected change in 'C:\\Users\\prakhar\\anaconda\\envs\\mlops\\Lib\\site-packages\\jedi\\inference\\gradual\\base.py', reloading
2025-01-23 14:28:04,414 - werkzeug - INFO -  * Detected change in 'C:\\Users\\prakhar\\anaconda\\envs\\mlops\\Lib\\site-packages\\jedi\\inference\\gradual\\type_var.py', reloading
2025-01-23 14:28:04,414 - werkzeug - INFO -  * Detected change in 'C:\\Users\\prakhar\\anaconda\\envs\\mlops\\Lib\\site-packages\\jedi\\inference\\gradual\\type_var.py', reloading
2025-01-23 14:28:04,414 - werkzeug - INFO -  * Detected change in 'C:\\Users\\prakhar\\anaconda\\envs\\mlops\\Lib\\site-packages\\jedi\\inference\\compiled\\subprocess\\__init__.py', reloading
2025-01-23 14:28:04,414 - werkzeug - INFO -  * Detected change in 'C:\\Users\\prakhar\\anaconda\\envs\\mlops\\Lib\\site-packages\\jedi\\inference\\compiled\\subprocess\\__init__.py', reloading
2025-01-23 14:28:04,414 - werkzeug - INFO -  * Detected change in 'C:\\Users\\prakhar\\anaconda\\envs\\mlops\\Lib\\site-packages\\jedi\\_compatibility.py', reloading
2025-01-23 14:28:04,414 - werkzeug - INFO -  * Detected change in 'C:\\Users\\prakhar\\anaconda\\envs\\mlops\\Lib\\site-packages\\jedi\\_compatibility.py', reloading
2025-01-23 14:28:04,414 - werkzeug - INFO -  * Detected change in 'C:\\Users\\prakhar\\anaconda\\envs\\mlops\\Lib\\site-packages\\jedi\\inference\\compiled\\subprocess\\functions.py', reloading
2025-01-23 14:28:04,429 - werkzeug - INFO -  * Detected change in 'C:\\Users\\prakhar\\anaconda\\envs\\mlops\\Lib\\site-packages\\jedi\\inference\\compiled\\subprocess\\functions.py', reloading
2025-01-23 14:28:04,429 - werkzeug - INFO -  * Detected change in 'C:\\Users\\prakhar\\anaconda\\envs\\mlops\\Lib\\site-packages\\jedi\\api\\exceptions.py', reloading
2025-01-23 14:28:04,429 - werkzeug - INFO -  * Detected change in 'C:\\Users\\prakhar\\anaconda\\envs\\mlops\\Lib\\site-packages\\jedi\\api\\exceptions.py', reloading
2025-01-23 14:28:04,429 - werkzeug - INFO -  * Detected change in 'C:\\Users\\prakhar\\anaconda\\envs\\mlops\\Lib\\site-packages\\jedi\\inference\\syntax_tree.py', reloading
2025-01-23 14:28:04,433 - werkzeug - INFO -  * Detected change in 'C:\\Users\\prakhar\\anaconda\\envs\\mlops\\Lib\\site-packages\\jedi\\inference\\syntax_tree.py', reloading
2025-01-23 14:28:04,434 - werkzeug - INFO -  * Detected change in 'C:\\Users\\prakhar\\anaconda\\envs\\mlops\\Lib\\site-packages\\jedi\\inference\\gradual\\annotation.py', reloading
2025-01-23 14:28:04,435 - werkzeug - INFO -  * Detected change in 'C:\\Users\\prakhar\\anaconda\\envs\\mlops\\Lib\\site-packages\\jedi\\inference\\gradual\\annotation.py', reloading
2025-01-23 14:28:04,436 - werkzeug - INFO -  * Detected change in 'C:\\Users\\prakhar\\anaconda\\envs\\mlops\\Lib\\site-packages\\jedi\\inference\\param.py', reloading
2025-01-23 14:28:04,436 - werkzeug - INFO -  * Detected change in 'C:\\Users\\prakhar\\anaconda\\envs\\mlops\\Lib\\site-packages\\jedi\\inference\\param.py', reloading
2025-01-23 14:28:04,437 - werkzeug - INFO -  * Detected change in 'C:\\Users\\prakhar\\anaconda\\envs\\mlops\\Lib\\site-packages\\jedi\\inference\\value\\decorator.py', reloading
2025-01-23 14:28:04,437 - werkzeug - INFO -  * Detected change in 'C:\\Users\\prakhar\\anaconda\\envs\\mlops\\Lib\\site-packages\\jedi\\inference\\value\\decorator.py', reloading
2025-01-23 14:28:04,439 - werkzeug - INFO -  * Detected change in 'C:\\Users\\prakhar\\anaconda\\envs\\mlops\\Lib\\site-packages\\jedi\\inference\\compiled\\mixed.py', reloading
2025-01-23 14:28:04,440 - werkzeug - INFO -  * Detected change in 'C:\\Users\\prakhar\\anaconda\\envs\\mlops\\Lib\\site-packages\\jedi\\inference\\compiled\\mixed.py', reloading
2025-01-23 14:28:04,441 - werkzeug - INFO -  * Detected change in 'C:\\Users\\prakhar\\anaconda\\envs\\mlops\\Lib\\site-packages\\jedi\\inference\\gradual\\conversion.py', reloading
2025-01-23 14:28:04,441 - werkzeug - INFO -  * Detected change in 'C:\\Users\\prakhar\\anaconda\\envs\\mlops\\Lib\\site-packages\\jedi\\inference\\gradual\\conversion.py', reloading
2025-01-23 14:28:04,442 - werkzeug - INFO -  * Detected change in 'C:\\Users\\prakhar\\anaconda\\envs\\mlops\\Lib\\site-packages\\jedi\\api\\keywords.py', reloading
2025-01-23 14:28:04,443 - werkzeug - INFO -  * Detected change in 'C:\\Users\\prakhar\\anaconda\\envs\\mlops\\Lib\\site-packages\\jedi\\api\\keywords.py', reloading
2025-01-23 14:28:04,445 - werkzeug - INFO -  * Detected change in 'C:\\Users\\prakhar\\anaconda\\envs\\mlops\\Lib\\site-packages\\jedi\\api\\completion_cache.py', reloading
2025-01-23 14:28:04,446 - werkzeug - INFO -  * Detected change in 'C:\\Users\\prakhar\\anaconda\\envs\\mlops\\Lib\\site-packages\\jedi\\api\\completion_cache.py', reloading
2025-01-23 14:28:04,447 - werkzeug - INFO -  * Detected change in 'C:\\Users\\prakhar\\anaconda\\envs\\mlops\\Lib\\site-packages\\jedi\\api\\helpers.py', reloading
2025-01-23 14:28:04,448 - werkzeug - INFO -  * Detected change in 'C:\\Users\\prakhar\\anaconda\\envs\\mlops\\Lib\\site-packages\\jedi\\api\\helpers.py', reloading
2025-01-23 14:28:04,449 - werkzeug - INFO -  * Detected change in 'C:\\Users\\prakhar\\anaconda\\envs\\mlops\\Lib\\site-packages\\jedi\\api\\interpreter.py', reloading
2025-01-23 14:28:04,450 - werkzeug - INFO -  * Detected change in 'C:\\Users\\prakhar\\anaconda\\envs\\mlops\\Lib\\site-packages\\jedi\\api\\interpreter.py', reloading
2025-01-23 14:28:04,452 - werkzeug - INFO -  * Detected change in 'C:\\Users\\prakhar\\anaconda\\envs\\mlops\\Lib\\site-packages\\jedi\\api\\completion.py', reloading
2025-01-23 14:28:04,452 - werkzeug - INFO -  * Detected change in 'C:\\Users\\prakhar\\anaconda\\envs\\mlops\\Lib\\site-packages\\jedi\\api\\completion.py', reloading
2025-01-23 14:28:04,454 - werkzeug - INFO -  * Detected change in 'C:\\Users\\prakhar\\anaconda\\envs\\mlops\\Lib\\site-packages\\jedi\\api\\strings.py', reloading
2025-01-23 14:28:04,454 - werkzeug - INFO -  * Detected change in 'C:\\Users\\prakhar\\anaconda\\envs\\mlops\\Lib\\site-packages\\jedi\\api\\strings.py', reloading
2025-01-23 14:28:04,455 - werkzeug - INFO -  * Detected change in 'C:\\Users\\prakhar\\anaconda\\envs\\mlops\\Lib\\site-packages\\jedi\\api\\file_name.py', reloading
2025-01-23 14:28:04,456 - werkzeug - INFO -  * Detected change in 'C:\\Users\\prakhar\\anaconda\\envs\\mlops\\Lib\\site-packages\\jedi\\api\\file_name.py', reloading
2025-01-23 14:28:04,457 - werkzeug - INFO -  * Detected change in 'C:\\Users\\prakhar\\anaconda\\envs\\mlops\\Lib\\site-packages\\jedi\\inference\\docstring_utils.py', reloading
2025-01-23 14:28:04,457 - werkzeug - INFO -  * Detected change in 'C:\\Users\\prakhar\\anaconda\\envs\\mlops\\Lib\\site-packages\\jedi\\inference\\docstring_utils.py', reloading
2025-01-23 14:28:04,458 - werkzeug - INFO -  * Detected change in 'C:\\Users\\prakhar\\anaconda\\envs\\mlops\\Lib\\site-packages\\jedi\\api\\environment.py', reloading
2025-01-23 14:28:04,458 - werkzeug - INFO -  * Detected change in 'C:\\Users\\prakhar\\anaconda\\envs\\mlops\\Lib\\site-packages\\jedi\\api\\environment.py', reloading
2025-01-23 14:28:04,460 - werkzeug - INFO -  * Detected change in 'C:\\Users\\prakhar\\anaconda\\envs\\mlops\\Lib\\site-packages\\jedi\\api\\project.py', reloading
2025-01-23 14:28:04,460 - werkzeug - INFO -  * Detected change in 'C:\\Users\\prakhar\\anaconda\\envs\\mlops\\Lib\\site-packages\\jedi\\api\\project.py', reloading
2025-01-23 14:28:04,461 - werkzeug - INFO -  * Detected change in 'C:\\Users\\prakhar\\anaconda\\envs\\mlops\\Lib\\site-packages\\jedi\\inference\\references.py', reloading
2025-01-23 14:28:04,461 - werkzeug - INFO -  * Detected change in 'C:\\Users\\prakhar\\anaconda\\envs\\mlops\\Lib\\site-packages\\jedi\\inference\\references.py', reloading
2025-01-23 14:28:04,461 - werkzeug - INFO -  * Detected change in 'C:\\Users\\prakhar\\anaconda\\envs\\mlops\\Lib\\site-packages\\jedi\\api\\errors.py', reloading
2025-01-23 14:28:04,461 - werkzeug - INFO -  * Detected change in 'C:\\Users\\prakhar\\anaconda\\envs\\mlops\\Lib\\site-packages\\jedi\\api\\errors.py', reloading
2025-01-23 14:28:04,461 - werkzeug - INFO -  * Detected change in 'C:\\Users\\prakhar\\anaconda\\envs\\mlops\\Lib\\site-packages\\jedi\\api\\refactoring\\__init__.py', reloading
2025-01-23 14:28:04,461 - werkzeug - INFO -  * Detected change in 'C:\\Users\\prakhar\\anaconda\\envs\\mlops\\Lib\\site-packages\\jedi\\api\\refactoring\\__init__.py', reloading
2025-01-23 14:28:04,461 - werkzeug - INFO -  * Detected change in 'C:\\Users\\prakhar\\anaconda\\envs\\mlops\\Lib\\site-packages\\jedi\\inference\\value\\namespace.py', reloading
2025-01-23 14:28:04,461 - werkzeug - INFO -  * Detected change in 'C:\\Users\\prakhar\\anaconda\\envs\\mlops\\Lib\\site-packages\\jedi\\inference\\value\\namespace.py', reloading
2025-01-23 14:28:04,461 - werkzeug - INFO -  * Detected change in 'C:\\Users\\prakhar\\anaconda\\envs\\mlops\\Lib\\site-packages\\jedi\\api\\refactoring\\extract.py', reloading
2025-01-23 14:28:04,461 - werkzeug - INFO -  * Detected change in 'C:\\Users\\prakhar\\anaconda\\envs\\mlops\\Lib\\site-packages\\jedi\\api\\refactoring\\extract.py', reloading
2025-01-23 14:28:04,468 - werkzeug - INFO -  * Detected change in 'C:\\Users\\prakhar\\anaconda\\envs\\mlops\\Lib\\site-packages\\jedi\\inference\\gradual\\utils.py', reloading
2025-01-23 14:28:04,469 - werkzeug - INFO -  * Detected change in 'C:\\Users\\prakhar\\anaconda\\envs\\mlops\\Lib\\site-packages\\jedi\\inference\\gradual\\utils.py', reloading
2025-01-23 14:28:04,469 - werkzeug - INFO -  * Detected change in 'C:\\Users\\prakhar\\anaconda\\envs\\mlops\\Lib\\site-packages\\jedi\\plugins\\registry.py', reloading
2025-01-23 14:28:04,470 - werkzeug - INFO -  * Detected change in 'C:\\Users\\prakhar\\anaconda\\envs\\mlops\\Lib\\site-packages\\jedi\\plugins\\registry.py', reloading
2025-01-23 14:28:04,472 - werkzeug - INFO -  * Detected change in 'C:\\Users\\prakhar\\anaconda\\envs\\mlops\\Lib\\site-packages\\jedi\\plugins\\stdlib.py', reloading
2025-01-23 14:28:04,472 - werkzeug - INFO -  * Detected change in 'C:\\Users\\prakhar\\anaconda\\envs\\mlops\\Lib\\site-packages\\jedi\\plugins\\stdlib.py', reloading
2025-01-23 14:28:04,473 - werkzeug - INFO -  * Detected change in 'C:\\Users\\prakhar\\anaconda\\envs\\mlops\\Lib\\site-packages\\jedi\\plugins\\flask.py', reloading
2025-01-23 14:28:04,474 - werkzeug - INFO -  * Detected change in 'C:\\Users\\prakhar\\anaconda\\envs\\mlops\\Lib\\site-packages\\jedi\\plugins\\flask.py', reloading
2025-01-23 14:28:04,475 - werkzeug - INFO -  * Detected change in 'C:\\Users\\prakhar\\anaconda\\envs\\mlops\\Lib\\site-packages\\jedi\\plugins\\pytest.py', reloading
2025-01-23 14:28:04,475 - werkzeug - INFO -  * Detected change in 'C:\\Users\\prakhar\\anaconda\\envs\\mlops\\Lib\\site-packages\\jedi\\plugins\\pytest.py', reloading
2025-01-23 14:28:04,476 - werkzeug - INFO -  * Detected change in 'C:\\Users\\prakhar\\anaconda\\envs\\mlops\\Lib\\site-packages\\jedi\\plugins\\django.py', reloading
2025-01-23 14:28:04,590 - werkzeug - INFO -  * Detected change in 'C:\\Users\\prakhar\\anaconda\\envs\\mlops\\Lib\\site-packages\\ipykernel\\control.py', reloading
2025-01-23 14:28:04,591 - werkzeug - INFO -  * Detected change in 'C:\\Users\\prakhar\\anaconda\\envs\\mlops\\Lib\\site-packages\\ipykernel\\control.py', reloading
2025-01-23 14:28:04,592 - werkzeug - INFO -  * Detected change in 'C:\\Users\\prakhar\\anaconda\\envs\\mlops\\Lib\\site-packages\\ipykernel\\heartbeat.py', reloading
2025-01-23 14:28:04,593 - werkzeug - INFO -  * Detected change in 'C:\\Users\\prakhar\\anaconda\\envs\\mlops\\Lib\\site-packages\\ipykernel\\heartbeat.py', reloading
2025-01-23 14:28:04,594 - werkzeug - INFO -  * Detected change in 'C:\\Users\\prakhar\\anaconda\\envs\\mlops\\Lib\\site-packages\\ipykernel\\iostream.py', reloading
2025-01-23 14:28:04,595 - werkzeug - INFO -  * Detected change in 'C:\\Users\\prakhar\\anaconda\\envs\\mlops\\Lib\\site-packages\\ipykernel\\iostream.py', reloading
2025-01-23 14:28:04,596 - werkzeug - INFO -  * Detected change in 'C:\\Users\\prakhar\\anaconda\\envs\\mlops\\Lib\\site-packages\\ipykernel\\ipkernel.py', reloading
2025-01-23 14:28:04,597 - werkzeug - INFO -  * Detected change in 'C:\\Users\\prakhar\\anaconda\\envs\\mlops\\Lib\\site-packages\\ipykernel\\ipkernel.py', reloading
2025-01-23 14:28:04,598 - werkzeug - INFO -  * Detected change in 'C:\\Users\\prakhar\\anaconda\\envs\\mlops\\Lib\\site-packages\\comm\\__init__.py', reloading
2025-01-23 14:28:04,599 - werkzeug - INFO -  * Detected change in 'C:\\Users\\prakhar\\anaconda\\envs\\mlops\\Lib\\site-packages\\comm\\__init__.py', reloading
2025-01-23 14:28:04,600 - werkzeug - INFO -  * Detected change in 'C:\\Users\\prakhar\\anaconda\\envs\\mlops\\Lib\\site-packages\\comm\\base_comm.py', reloading
2025-01-23 14:28:04,601 - werkzeug - INFO -  * Detected change in 'C:\\Users\\prakhar\\anaconda\\envs\\mlops\\Lib\\site-packages\\comm\\base_comm.py', reloading
2025-01-23 14:28:04,602 - werkzeug - INFO -  * Detected change in 'C:\\Users\\prakhar\\anaconda\\envs\\mlops\\Lib\\site-packages\\ipykernel\\comm\\__init__.py', reloading
2025-01-23 14:28:04,603 - werkzeug - INFO -  * Detected change in 'C:\\Users\\prakhar\\anaconda\\envs\\mlops\\Lib\\site-packages\\ipykernel\\comm\\__init__.py', reloading
2025-01-23 14:28:04,604 - werkzeug - INFO -  * Detected change in 'C:\\Users\\prakhar\\anaconda\\envs\\mlops\\Lib\\site-packages\\ipykernel\\comm\\comm.py', reloading
2025-01-23 14:28:04,605 - werkzeug - INFO -  * Detected change in 'C:\\Users\\prakhar\\anaconda\\envs\\mlops\\Lib\\site-packages\\ipykernel\\comm\\comm.py', reloading
2025-01-23 14:28:04,606 - werkzeug - INFO -  * Detected change in 'C:\\Users\\prakhar\\anaconda\\envs\\mlops\\Lib\\site-packages\\ipykernel\\jsonutil.py', reloading
2025-01-23 14:28:04,607 - werkzeug - INFO -  * Detected change in 'C:\\Users\\prakhar\\anaconda\\envs\\mlops\\Lib\\site-packages\\ipykernel\\jsonutil.py', reloading
2025-01-23 14:28:04,608 - werkzeug - INFO -  * Detected change in 'C:\\Users\\prakhar\\anaconda\\envs\\mlops\\Lib\\site-packages\\ipykernel\\kernelbase.py', reloading
2025-01-23 14:28:04,609 - werkzeug - INFO -  * Detected change in 'C:\\Users\\prakhar\\anaconda\\envs\\mlops\\Lib\\site-packages\\ipykernel\\kernelbase.py', reloading
2025-01-23 14:28:04,634 - werkzeug - INFO -  * Detected change in 'C:\\Users\\prakhar\\anaconda\\envs\\mlops\\Lib\\site-packages\\ipykernel\\comm\\manager.py', reloading
2025-01-23 14:28:04,634 - werkzeug - INFO -  * Detected change in 'C:\\Users\\prakhar\\anaconda\\envs\\mlops\\Lib\\site-packages\\ipykernel\\comm\\manager.py', reloading
2025-01-23 14:28:04,634 - werkzeug - INFO -  * Detected change in 'C:\\Users\\prakhar\\anaconda\\envs\\mlops\\Lib\\site-packages\\ipykernel\\compiler.py', reloading
2025-01-23 14:28:04,634 - werkzeug - INFO -  * Detected change in 'C:\\Users\\prakhar\\anaconda\\envs\\mlops\\Lib\\site-packages\\ipykernel\\compiler.py', reloading
2025-01-23 14:28:04,634 - werkzeug - INFO -  * Detected change in 'C:\\Users\\prakhar\\anaconda\\envs\\mlops\\Lib\\site-packages\\ipykernel\\eventloops.py', reloading
2025-01-23 14:28:04,634 - werkzeug - INFO -  * Detected change in 'C:\\Users\\prakhar\\anaconda\\envs\\mlops\\Lib\\site-packages\\ipykernel\\eventloops.py', reloading
2025-01-23 14:28:04,634 - werkzeug - INFO -  * Detected change in 'C:\\Users\\prakhar\\anaconda\\envs\\mlops\\Lib\\site-packages\\packaging\\__init__.py', reloading
2025-01-23 14:28:04,634 - werkzeug - INFO -  * Detected change in 'C:\\Users\\prakhar\\anaconda\\envs\\mlops\\Lib\\site-packages\\packaging\\__init__.py', reloading
2025-01-23 14:28:04,650 - werkzeug - INFO -  * Detected change in 'C:\\Users\\prakhar\\anaconda\\envs\\mlops\\Lib\\site-packages\\packaging\\version.py', reloading
2025-01-23 14:28:04,650 - werkzeug - INFO -  * Detected change in 'C:\\Users\\prakhar\\anaconda\\envs\\mlops\\Lib\\site-packages\\packaging\\version.py', reloading
2025-01-23 14:28:04,650 - werkzeug - INFO -  * Detected change in 'C:\\Users\\prakhar\\anaconda\\envs\\mlops\\Lib\\site-packages\\packaging\\_structures.py', reloading
2025-01-23 14:28:04,650 - werkzeug - INFO -  * Detected change in 'C:\\Users\\prakhar\\anaconda\\envs\\mlops\\Lib\\site-packages\\packaging\\_structures.py', reloading
2025-01-23 14:28:04,650 - werkzeug - INFO -  * Detected change in 'C:\\Users\\prakhar\\anaconda\\envs\\mlops\\Lib\\site-packages\\ipykernel\\zmqshell.py', reloading
2025-01-23 14:28:04,650 - werkzeug - INFO -  * Detected change in 'C:\\Users\\prakhar\\anaconda\\envs\\mlops\\Lib\\site-packages\\ipykernel\\zmqshell.py', reloading
2025-01-23 14:28:04,650 - werkzeug - INFO -  * Detected change in 'C:\\Users\\prakhar\\anaconda\\envs\\mlops\\Lib\\site-packages\\ipykernel\\displayhook.py', reloading
2025-01-23 14:28:04,650 - werkzeug - INFO -  * Detected change in 'C:\\Users\\prakhar\\anaconda\\envs\\mlops\\Lib\\site-packages\\ipykernel\\displayhook.py', reloading
2025-01-23 14:28:04,650 - werkzeug - INFO -  * Detected change in 'C:\\Users\\prakhar\\anaconda\\envs\\mlops\\Lib\\site-packages\\ipykernel\\parentpoller.py', reloading
2025-01-23 14:28:04,650 - werkzeug - INFO -  * Detected change in 'C:\\Users\\prakhar\\anaconda\\envs\\mlops\\Lib\\site-packages\\ipykernel\\parentpoller.py', reloading
2025-01-23 14:28:04,761 - werkzeug - INFO -  * Detected change in 'C:\\Users\\prakhar\\anaconda\\envs\\mlops\\Lib\\site-packages\\ipykernel\\debugger.py', reloading
2025-01-23 14:28:04,761 - werkzeug - INFO -  * Detected change in 'C:\\Users\\prakhar\\anaconda\\envs\\mlops\\Lib\\site-packages\\ipykernel\\debugger.py', reloading
2025-01-23 14:28:04,792 - werkzeug - INFO -  * Detected change in 'C:\\Users\\prakhar\\anaconda\\envs\\mlops\\Lib\\site-packages\\packaging\\markers.py', reloading
2025-01-23 14:28:04,808 - werkzeug - INFO -  * Detected change in 'C:\\Users\\prakhar\\anaconda\\envs\\mlops\\Lib\\site-packages\\packaging\\markers.py', reloading
2025-01-23 14:28:04,808 - werkzeug - INFO -  * Detected change in 'C:\\Users\\prakhar\\anaconda\\envs\\mlops\\Lib\\site-packages\\packaging\\_parser.py', reloading
2025-01-23 14:28:04,808 - werkzeug - INFO -  * Detected change in 'C:\\Users\\prakhar\\anaconda\\envs\\mlops\\Lib\\site-packages\\packaging\\_parser.py', reloading
2025-01-23 14:28:04,808 - werkzeug - INFO -  * Detected change in 'C:\\Users\\prakhar\\anaconda\\envs\\mlops\\Lib\\site-packages\\packaging\\_tokenizer.py', reloading
2025-01-23 14:28:04,808 - werkzeug - INFO -  * Detected change in 'C:\\Users\\prakhar\\anaconda\\envs\\mlops\\Lib\\site-packages\\packaging\\_tokenizer.py', reloading
2025-01-23 14:28:04,808 - werkzeug - INFO -  * Detected change in 'C:\\Users\\prakhar\\anaconda\\envs\\mlops\\Lib\\site-packages\\packaging\\specifiers.py', reloading
2025-01-23 14:28:04,808 - werkzeug - INFO -  * Detected change in 'C:\\Users\\prakhar\\anaconda\\envs\\mlops\\Lib\\site-packages\\packaging\\specifiers.py', reloading
2025-01-23 14:28:04,808 - werkzeug - INFO -  * Detected change in 'C:\\Users\\prakhar\\anaconda\\envs\\mlops\\Lib\\site-packages\\packaging\\utils.py', reloading
2025-01-23 14:28:04,808 - werkzeug - INFO -  * Detected change in 'C:\\Users\\prakhar\\anaconda\\envs\\mlops\\Lib\\site-packages\\packaging\\utils.py', reloading
2025-01-23 14:28:04,808 - werkzeug - INFO -  * Detected change in 'C:\\Users\\prakhar\\anaconda\\envs\\mlops\\Lib\\site-packages\\packaging\\tags.py', reloading
2025-01-23 14:28:04,808 - werkzeug - INFO -  * Detected change in 'C:\\Users\\prakhar\\anaconda\\envs\\mlops\\Lib\\site-packages\\packaging\\tags.py', reloading
2025-01-23 14:28:04,808 - werkzeug - INFO -  * Detected change in 'C:\\Users\\prakhar\\anaconda\\envs\\mlops\\Lib\\site-packages\\packaging\\_manylinux.py', reloading
2025-01-23 14:28:04,808 - werkzeug - INFO -  * Detected change in 'C:\\Users\\prakhar\\anaconda\\envs\\mlops\\Lib\\site-packages\\packaging\\_manylinux.py', reloading
2025-01-23 14:28:04,808 - werkzeug - INFO -  * Detected change in 'C:\\Users\\prakhar\\anaconda\\envs\\mlops\\Lib\\site-packages\\packaging\\_elffile.py', reloading
2025-01-23 14:28:04,808 - werkzeug - INFO -  * Detected change in 'C:\\Users\\prakhar\\anaconda\\envs\\mlops\\Lib\\site-packages\\packaging\\_elffile.py', reloading
2025-01-23 14:28:04,808 - werkzeug - INFO -  * Detected change in 'C:\\Users\\prakhar\\anaconda\\envs\\mlops\\Lib\\site-packages\\packaging\\_musllinux.py', reloading
2025-01-23 14:28:04,808 - werkzeug - INFO -  * Detected change in 'C:\\Users\\prakhar\\anaconda\\envs\\mlops\\Lib\\site-packages\\packaging\\_musllinux.py', reloading
2025-01-23 14:28:04,823 - werkzeug - INFO -  * Detected change in 'C:\\Users\\prakhar\\anaconda\\envs\\mlops\\Lib\\site-packages\\packaging\\requirements.py', reloading
2025-01-23 14:28:04,823 - werkzeug - INFO -  * Detected change in 'C:\\Users\\prakhar\\anaconda\\envs\\mlops\\Lib\\site-packages\\packaging\\requirements.py', reloading
